2025-02-21 23:37:33,575 - mmcls - CRITICAL - ============Overall Results for svhn============
2025-02-21 23:37:33,575 - mmcls - CRITICAL - AUROC: 0.7866776296694666
2025-02-21 23:37:33,575 - mmcls - CRITICAL - AUPR (In): 0.6678069053063362
2025-02-21 23:37:33,575 - mmcls - CRITICAL - AUPR (Out): 0.8923730729581039
2025-02-21 23:37:33,575 - mmcls - CRITICAL - FPR95: 0.7562231100184389
2025-02-21 23:37:33,575 - mmcls - CRITICAL - quick data: 0.7866776296694666,0.6678069053063362,0.8923730729581039,0.7562231100184389
2025-02-21 23:38:02,689 - mmcls - CRITICAL - ============Overall Results for texture============
2025-02-21 23:38:02,689 - mmcls - CRITICAL - AUROC: 0.8632540878644601
2025-02-21 23:38:02,689 - mmcls - CRITICAL - AUPR (In): 0.8947270594652053
2025-02-21 23:38:02,689 - mmcls - CRITICAL - AUPR (Out): 0.8157886106452199
2025-02-21 23:38:02,689 - mmcls - CRITICAL - FPR95: 0.5072695035460993
2025-02-21 23:38:02,689 - mmcls - CRITICAL - quick data: 0.8632540878644601,0.8947270594652053,0.8157886106452199,0.5072695035460993
2025-02-21 23:38:10,943 - mmcls - CRITICAL - ============Overall Results for tin============
2025-02-21 23:38:10,943 - mmcls - CRITICAL - AUROC: 0.7770553597575509
2025-02-21 23:38:10,943 - mmcls - CRITICAL - AUPR (In): 0.8170480630429181
2025-02-21 23:38:10,943 - mmcls - CRITICAL - AUPR (Out): 0.7115865888822792
2025-02-21 23:38:10,943 - mmcls - CRITICAL - FPR95: 0.7094698130554704
2025-02-21 23:38:10,943 - mmcls - CRITICAL - quick data: 0.7770553597575509,0.8170480630429181,0.7115865888822792,0.7094698130554704
2025-02-21 23:40:17,546 - mmcls - CRITICAL - ============Overall Results for places365============
2025-02-21 23:40:17,547 - mmcls - CRITICAL - AUROC: 0.6748775353092707
2025-02-21 23:40:17,547 - mmcls - CRITICAL - AUPR (In): 0.3588234095259669
2025-02-21 23:40:17,547 - mmcls - CRITICAL - AUPR (Out): 0.873818939186424
2025-02-21 23:40:17,547 - mmcls - CRITICAL - FPR95: 0.8571640067509549
2025-02-21 23:40:17,547 - mmcls - CRITICAL - quick data: 0.6748775353092707,0.3588234095259669,0.873818939186424,0.8571640067509549
2025-02-21 23:41:37,617 - mmcls - CRITICAL - ============Overall Results for mnist============
2025-02-21 23:41:37,617 - mmcls - CRITICAL - AUROC: 0.9239624492063492
2025-02-21 23:41:37,617 - mmcls - CRITICAL - AUPR (In): 0.8639521920410048
2025-02-21 23:41:37,617 - mmcls - CRITICAL - AUPR (Out): 0.9793973472584295
2025-02-21 23:41:37,618 - mmcls - CRITICAL - FPR95: 0.6582428571428571
2025-02-21 23:41:37,618 - mmcls - CRITICAL - quick data: 0.9239624492063492,0.8639521920410048,0.9793973472584295,0.6582428571428571
2025-02-21 23:41:49,494 - mmcls - CRITICAL - ============Overall Results for cifar10============
2025-02-21 23:41:49,494 - mmcls - CRITICAL - AUROC: 0.6584080166666668
2025-02-21 23:41:49,494 - mmcls - CRITICAL - AUPR (In): 0.6725640068485395
2025-02-21 23:41:49,494 - mmcls - CRITICAL - AUPR (Out): 0.6233710788401151
2025-02-21 23:41:49,494 - mmcls - CRITICAL - FPR95: 0.9202
2025-02-21 23:41:49,494 - mmcls - CRITICAL - quick data: 0.6584080166666668,0.6725640068485395,0.6233710788401151,0.9202
2025-02-21 23:41:49,494 - mmcls - CRITICAL - all quick data: 0.7866776296694666,0.6678069053063362,0.8923730729581039,0.7562231100184389,0.8632540878644601,0.8947270594652053,0.8157886106452199,0.5072695035460993,0.7770553597575509,0.8170480630429181,0.7115865888822792,0.7094698130554704,0.6748775353092707,0.3588234095259669,0.873818939186424,0.8571640067509549,0.9239624492063492,0.8639521920410048,0.9793973472584295,0.6582428571428571,0.6584080166666668,0.6725640068485395,0.6233710788401151,0.9202,0.780705846412294,0.7347615484189701
