2025-02-21 21:26:34,073 - mmcls - CRITICAL - ============Overall Results for svhn============
2025-02-21 21:26:34,073 - mmcls - CRITICAL - AUROC: 0.7563353436795739
2025-02-21 21:26:34,073 - mmcls - CRITICAL - AUPR (In): 0.571072006218557
2025-02-21 21:26:34,074 - mmcls - CRITICAL - AUPR (Out): 0.884281728539323
2025-02-21 21:26:34,074 - mmcls - CRITICAL - FPR95: 0.739320835894284
2025-02-21 21:26:34,074 - mmcls - CRITICAL - quick data: 0.7563353436795739,0.571072006218557,0.884281728539323,0.739320835894284
2025-02-21 21:27:49,869 - mmcls - CRITICAL - ============Overall Results for texture============
2025-02-21 21:27:49,869 - mmcls - CRITICAL - AUROC: 0.7586353427895981
2025-02-21 21:27:49,869 - mmcls - CRITICAL - AUPR (In): 0.8201193516299569
2025-02-21 21:27:49,869 - mmcls - CRITICAL - AUPR (Out): 0.6622794344772962
2025-02-21 21:27:49,869 - mmcls - CRITICAL - FPR95: 0.747872340425532
2025-02-21 21:27:49,869 - mmcls - CRITICAL - quick data: 0.7586353427895981,0.8201193516299569,0.6622794344772962,0.747872340425532
2025-02-21 21:28:03,562 - mmcls - CRITICAL - ============Overall Results for tin============
2025-02-21 21:28:03,562 - mmcls - CRITICAL - AUROC: 0.7263192103381346
2025-02-21 21:28:03,562 - mmcls - CRITICAL - AUPR (In): 0.7876135272895461
2025-02-21 21:28:03,562 - mmcls - CRITICAL - AUPR (Out): 0.6248933514326356
2025-02-21 21:28:03,562 - mmcls - CRITICAL - FPR95: 0.8311369904995403
2025-02-21 21:28:03,563 - mmcls - CRITICAL - quick data: 0.7263192103381346,0.7876135272895461,0.6248933514326356,0.8311369904995403
2025-02-21 21:29:14,408 - mmcls - CRITICAL - ============Overall Results for places365============
2025-02-21 21:29:14,408 - mmcls - CRITICAL - AUROC: 0.48777204505900507
2025-02-21 21:29:14,408 - mmcls - CRITICAL - AUPR (In): 0.2255340903704849
2025-02-21 21:29:14,408 - mmcls - CRITICAL - AUPR (Out): 0.7672489133907592
2025-02-21 21:29:14,408 - mmcls - CRITICAL - FPR95: 0.9708050809818494
2025-02-21 21:29:14,408 - mmcls - CRITICAL - quick data: 0.48777204505900507,0.2255340903704849,0.7672489133907592,0.9708050809818494
2025-02-21 21:31:42,119 - mmcls - CRITICAL - ============Overall Results for mnist============
2025-02-21 21:31:42,120 - mmcls - CRITICAL - AUROC: 0.7694047825396826
2025-02-21 21:31:42,120 - mmcls - CRITICAL - AUPR (In): 0.5766130756503459
2025-02-21 21:31:42,120 - mmcls - CRITICAL - AUPR (Out): 0.9336420156003449
2025-02-21 21:31:42,120 - mmcls - CRITICAL - FPR95: 0.9558
2025-02-21 21:31:42,120 - mmcls - CRITICAL - quick data: 0.7694047825396826,0.5766130756503459,0.9336420156003449,0.9558
2025-02-21 21:32:03,184 - mmcls - CRITICAL - ============Overall Results for cifar10============
2025-02-21 21:32:03,184 - mmcls - CRITICAL - AUROC: 0.6830628611111111
2025-02-21 21:32:03,184 - mmcls - CRITICAL - AUPR (In): 0.6802485035613429
2025-02-21 21:32:03,184 - mmcls - CRITICAL - AUPR (Out): 0.6469029260440959
2025-02-21 21:32:03,184 - mmcls - CRITICAL - FPR95: 0.9164
2025-02-21 21:32:03,184 - mmcls - CRITICAL - quick data: 0.6830628611111111,0.6802485035613429,0.6469029260440959,0.9164
2025-02-21 21:32:03,184 - mmcls - CRITICAL - all quick data: 0.7563353436795739,0.571072006218557,0.884281728539323,0.739320835894284,0.7586353427895981,0.8201193516299569,0.6622794344772962,0.747872340425532,0.7263192103381346,0.7876135272895461,0.6248933514326356,0.8311369904995403,0.48777204505900507,0.2255340903704849,0.7672489133907592,0.9708050809818494,0.7694047825396826,0.5766130756503459,0.9336420156003449,0.9558,0.6830628611111111,0.6802485035613429,0.6469029260440959,0.9164,0.6969215975861842,0.8602225413002009
