2025-02-22 00:45:30,620 - mmcls - CRITICAL - ============Overall Results for svhn============
2025-02-22 00:45:30,620 - mmcls - CRITICAL - AUROC: 0.6631609322713925
2025-02-22 00:45:30,620 - mmcls - CRITICAL - AUPR (In): 0.5350250737346658
2025-02-22 00:45:30,620 - mmcls - CRITICAL - AUPR (Out): 0.7872035624981728
2025-02-22 00:45:30,620 - mmcls - CRITICAL - FPR95: 0.97579901659496
2025-02-22 00:45:30,620 - mmcls - CRITICAL - quick data: 0.6631609322713925,0.5350250737346658,0.7872035624981728,0.97579901659496
2025-02-22 00:46:16,249 - mmcls - CRITICAL - ============Overall Results for texture============
2025-02-22 00:46:16,250 - mmcls - CRITICAL - AUROC: 0.7888738081166273
2025-02-22 00:46:16,250 - mmcls - CRITICAL - AUPR (In): 0.8405401460148956
2025-02-22 00:46:16,250 - mmcls - CRITICAL - AUPR (Out): 0.7026399609514723
2025-02-22 00:46:16,250 - mmcls - CRITICAL - FPR95: 0.7044326241134752
2025-02-22 00:46:16,250 - mmcls - CRITICAL - quick data: 0.7888738081166273,0.8405401460148956,0.7026399609514723,0.7044326241134752
2025-02-22 00:47:08,726 - mmcls - CRITICAL - ============Overall Results for tin============
2025-02-22 00:47:08,726 - mmcls - CRITICAL - AUROC: 0.6756930653454558
2025-02-22 00:47:08,726 - mmcls - CRITICAL - AUPR (In): 0.7585660614187152
2025-02-22 00:47:08,727 - mmcls - CRITICAL - AUPR (Out): 0.5361490312236783
2025-02-22 00:47:08,727 - mmcls - CRITICAL - FPR95: 0.9216978240882623
2025-02-22 00:47:08,727 - mmcls - CRITICAL - quick data: 0.6756930653454558,0.7585660614187152,0.5361490312236783,0.9216978240882623
2025-02-22 00:51:40,551 - mmcls - CRITICAL - ============Overall Results for places365============
2025-02-22 00:51:40,551 - mmcls - CRITICAL - AUROC: 0.579062010415947
2025-02-22 00:51:40,551 - mmcls - CRITICAL - AUPR (In): 0.2976054240234794
2025-02-22 00:51:40,551 - mmcls - CRITICAL - AUPR (Out): 0.8076564625761063
2025-02-22 00:51:40,551 - mmcls - CRITICAL - FPR95: 0.9632546708909484
2025-02-22 00:51:40,551 - mmcls - CRITICAL - quick data: 0.579062010415947,0.2976054240234794,0.8076564625761063,0.9632546708909484
2025-02-22 01:01:05,213 - mmcls - CRITICAL - ============Overall Results for mnist============
2025-02-22 01:01:05,213 - mmcls - CRITICAL - AUROC: 0.7639111222222221
2025-02-22 01:01:05,213 - mmcls - CRITICAL - AUPR (In): 0.5894599816838777
2025-02-22 01:01:05,213 - mmcls - CRITICAL - AUPR (Out): 0.9345450027217426
2025-02-22 01:01:05,213 - mmcls - CRITICAL - FPR95: 0.9435714285714286
2025-02-22 01:01:05,213 - mmcls - CRITICAL - quick data: 0.7639111222222221,0.5894599816838777,0.9345450027217426,0.9435714285714286
2025-02-22 01:02:25,867 - mmcls - CRITICAL - ============Overall Results for cifar10============
2025-02-22 01:02:25,867 - mmcls - CRITICAL - AUROC: 0.75604925
2025-02-22 01:02:25,867 - mmcls - CRITICAL - AUPR (In): 0.7595031170482243
2025-02-22 01:02:25,867 - mmcls - CRITICAL - AUPR (Out): 0.7311495791438919
2025-02-22 01:02:25,867 - mmcls - CRITICAL - FPR95: 0.8416
2025-02-22 01:02:25,867 - mmcls - CRITICAL - quick data: 0.75604925,0.7595031170482243,0.7311495791438919,0.8416
2025-02-22 01:02:25,867 - mmcls - CRITICAL - all quick data: 0.6631609322713925,0.5350250737346658,0.7872035624981728,0.97579901659496,0.7888738081166273,0.8405401460148956,0.7026399609514723,0.7044326241134752,0.6756930653454558,0.7585660614187152,0.5361490312236783,0.9216978240882623,0.579062010415947,0.2976054240234794,0.8076564625761063,0.9632546708909484,0.7639111222222221,0.5894599816838777,0.9345450027217426,0.9435714285714286,0.75604925,0.7595031170482243,0.7311495791438919,0.8416,0.7044583647286076,0.8917259273765125
