2025-02-21 21:43:12,377 - mmcls - CRITICAL - ============Overall Results for inaturalist============
2025-02-21 21:43:12,377 - mmcls - CRITICAL - AUROC: 0.9977498666666668
2025-02-21 21:43:12,378 - mmcls - CRITICAL - AUPR (In): 0.9974258116453697
2025-02-21 21:43:12,378 - mmcls - CRITICAL - AUPR (Out): 0.9980435485455337
2025-02-21 21:43:12,378 - mmcls - CRITICAL - FPR95: 0.0096
2025-02-21 21:43:12,378 - mmcls - CRITICAL - quick data: 0.9977498666666668,0.9974258116453697,0.9980435485455337,0.0096
2025-02-21 21:43:35,001 - mmcls - CRITICAL - ============Overall Results for textures============
2025-02-21 21:43:35,001 - mmcls - CRITICAL - AUROC: 0.9669160637381568
2025-02-21 21:43:35,002 - mmcls - CRITICAL - AUPR (In): 0.9785103859045712
2025-02-21 21:43:35,002 - mmcls - CRITICAL - AUPR (Out): 0.9450065521681964
2025-02-21 21:43:35,002 - mmcls - CRITICAL - FPR95: 0.14031007751937985
2025-02-21 21:43:35,002 - mmcls - CRITICAL - quick data: 0.9669160637381568,0.9785103859045712,0.9450065521681964,0.14031007751937985
2025-02-21 21:44:56,369 - mmcls - CRITICAL - ============Overall Results for openimage_o============
2025-02-21 21:44:56,369 - mmcls - CRITICAL - AUROC: 0.9647522773261634
2025-02-21 21:44:56,370 - mmcls - CRITICAL - AUPR (In): 0.9445944167397712
2025-02-21 21:44:56,370 - mmcls - CRITICAL - AUPR (Out): 0.979244708203537
2025-02-21 21:44:56,370 - mmcls - CRITICAL - FPR95: 0.19585355094838994
2025-02-21 21:44:56,370 - mmcls - CRITICAL - quick data: 0.9647522773261634,0.9445944167397712,0.979244708203537,0.19585355094838994
2025-02-21 21:46:57,630 - mmcls - CRITICAL - ============Overall Results for ninco============
2025-02-21 21:46:57,630 - mmcls - CRITICAL - AUROC: 0.8714429986203247
2025-02-21 21:46:57,630 - mmcls - CRITICAL - AUPR (In): 0.9155951189723253
2025-02-21 21:46:57,630 - mmcls - CRITICAL - AUPR (Out): 0.8138962486750208
2025-02-21 21:46:57,630 - mmcls - CRITICAL - FPR95: 0.5769688722571866
2025-02-21 21:46:57,630 - mmcls - CRITICAL - quick data: 0.8714429986203247,0.9155951189723253,0.8138962486750208,0.5769688722571866
2025-02-21 21:49:03,805 - mmcls - CRITICAL - ============Overall Results for ssb_hard============
2025-02-21 21:49:03,805 - mmcls - CRITICAL - AUROC: 0.821941851473923
2025-02-21 21:49:03,805 - mmcls - CRITICAL - AUPR (In): 0.4947630467463703
2025-02-21 21:49:03,805 - mmcls - CRITICAL - AUPR (Out): 0.955540527029631
2025-02-21 21:49:03,805 - mmcls - CRITICAL - FPR95: 0.6764489795918367
2025-02-21 21:49:03,805 - mmcls - CRITICAL - quick data: 0.821941851473923,0.4947630467463703,0.955540527029631,0.6764489795918367
2025-02-21 21:49:03,805 - mmcls - CRITICAL - all quick data: 0.9977498666666668,0.9974258116453697,0.9980435485455337,0.0096,0.9669160637381568,0.9785103859045712,0.9450065521681964,0.14031007751937985,0.9647522773261634,0.9445944167397712,0.979244708203537,0.19585355094838994,0.8714429986203247,0.9155951189723253,0.8138962486750208,0.5769688722571866,0.821941851473923,0.4947630467463703,0.955540527029631,0.6764489795918367,0.924560611565047,0.3198362960633586
