2025-02-21 23:27:06,391 - mmcls - CRITICAL - ============Overall Results for inaturalist============
2025-02-21 23:27:06,392 - mmcls - CRITICAL - AUROC: 0.9937896522222222
2025-02-21 23:27:06,392 - mmcls - CRITICAL - AUPR (In): 0.9984458609779066
2025-02-21 23:27:06,392 - mmcls - CRITICAL - AUPR (Out): 0.9795407432885996
2025-02-21 23:27:06,392 - mmcls - CRITICAL - FPR95: 0.0241
2025-02-21 23:27:06,392 - mmcls - CRITICAL - quick data: 0.9937896522222222,0.9984458609779066,0.9795407432885996,0.0241
2025-02-21 23:27:28,518 - mmcls - CRITICAL - ============Overall Results for textures============
2025-02-21 23:27:28,518 - mmcls - CRITICAL - AUROC: 0.8856833634797588
2025-02-21 23:27:28,518 - mmcls - CRITICAL - AUPR (In): 0.9844514196737464
2025-02-21 23:27:28,518 - mmcls - CRITICAL - AUPR (Out): 0.479527286436485
2025-02-21 23:27:28,518 - mmcls - CRITICAL - FPR95: 0.5571705426356589
2025-02-21 23:27:28,518 - mmcls - CRITICAL - quick data: 0.8856833634797588,0.9844514196737464,0.479527286436485,0.5571705426356589
2025-02-21 23:28:22,578 - mmcls - CRITICAL - ============Overall Results for openimage_o============
2025-02-21 23:28:22,579 - mmcls - CRITICAL - AUROC: 0.9167905111993334
2025-02-21 23:28:22,579 - mmcls - CRITICAL - AUPR (In): 0.9663038737781148
2025-02-21 23:28:22,579 - mmcls - CRITICAL - AUPR (Out): 0.8399696891737918
2025-02-21 23:28:22,579 - mmcls - CRITICAL - FPR95: 0.3460835591404625
2025-02-21 23:28:22,579 - mmcls - CRITICAL - quick data: 0.9167905111993334,0.9663038737781148,0.8399696891737918,0.3460835591404625
2025-02-21 23:28:53,566 - mmcls - CRITICAL - ============Overall Results for ninco============
2025-02-21 23:28:53,566 - mmcls - CRITICAL - AUROC: 0.7527918807053353
2025-02-21 23:28:53,566 - mmcls - CRITICAL - AUPR (In): 0.9569762819282432
2025-02-21 23:28:53,567 - mmcls - CRITICAL - AUPR (Out): 0.3670187423728436
2025-02-21 23:28:53,567 - mmcls - CRITICAL - FPR95: 0.7269943868004762
2025-02-21 23:28:53,567 - mmcls - CRITICAL - quick data: 0.7527918807053353,0.9569762819282432,0.3670187423728436,0.7269943868004762
2025-02-21 23:29:53,659 - mmcls - CRITICAL - ============Overall Results for ssb_hard============
2025-02-21 23:29:53,659 - mmcls - CRITICAL - AUROC: 0.6510414179138322
2025-02-21 23:29:53,659 - mmcls - CRITICAL - AUPR (In): 0.6353858791220403
2025-02-21 23:29:53,659 - mmcls - CRITICAL - AUPR (Out): 0.6618817052244097
2025-02-21 23:29:53,659 - mmcls - CRITICAL - FPR95: 0.8704693877551021
2025-02-21 23:29:53,659 - mmcls - CRITICAL - quick data: 0.6510414179138322,0.6353858791220403,0.6618817052244097,0.8704693877551021
2025-02-21 23:29:53,659 - mmcls - CRITICAL - all quick data: 0.9937896522222222,0.9984458609779066,0.9795407432885996,0.0241,0.8856833634797588,0.9844514196737464,0.479527286436485,0.5571705426356589,0.9167905111993334,0.9663038737781148,0.8399696891737918,0.3460835591404625,0.7527918807053353,0.9569762819282432,0.3670187423728436,0.7269943868004762,0.6510414179138322,0.6353858791220403,0.6618817052244097,0.8704693877551021,0.8400193651040964,0.50496357526634
