2025-02-22 00:29:16,001 - mmcls - CRITICAL - ============Overall Results for inaturalist============
2025-02-22 00:29:16,001 - mmcls - CRITICAL - AUROC: 0.9984913777777777
2025-02-22 00:29:16,001 - mmcls - CRITICAL - AUPR (In): 0.9983038688528401
2025-02-22 00:29:16,001 - mmcls - CRITICAL - AUPR (Out): 0.9986972717411382
2025-02-22 00:29:16,001 - mmcls - CRITICAL - FPR95: 0.0054
2025-02-22 00:29:16,001 - mmcls - CRITICAL - quick data: 0.9984913777777777,0.9983038688528401,0.9986972717411382,0.0054
2025-02-22 00:29:57,435 - mmcls - CRITICAL - ============Overall Results for textures============
2025-02-22 00:29:57,435 - mmcls - CRITICAL - AUROC: 0.967534453057709
2025-02-22 00:29:57,435 - mmcls - CRITICAL - AUPR (In): 0.9793681805784151
2025-02-22 00:29:57,435 - mmcls - CRITICAL - AUPR (Out): 0.9493944253123369
2025-02-22 00:29:57,435 - mmcls - CRITICAL - FPR95: 0.1439922480620155
2025-02-22 00:29:57,435 - mmcls - CRITICAL - quick data: 0.967534453057709,0.9793681805784151,0.9493944253123369,0.1439922480620155
2025-02-22 00:32:03,742 - mmcls - CRITICAL - ============Overall Results for openimage_o============
2025-02-22 00:32:03,742 - mmcls - CRITICAL - AUROC: 0.9717171319343795
2025-02-22 00:32:03,742 - mmcls - CRITICAL - AUPR (In): 0.9544852592696551
2025-02-22 00:32:03,742 - mmcls - CRITICAL - AUPR (Out): 0.9834111300936244
2025-02-22 00:32:03,742 - mmcls - CRITICAL - FPR95: 0.155208267691726
2025-02-22 00:32:03,742 - mmcls - CRITICAL - quick data: 0.9717171319343795,0.9544852592696551,0.9834111300936244,0.155208267691726
2025-02-22 00:32:53,566 - mmcls - CRITICAL - ============Overall Results for ninco============
2025-02-22 00:32:53,566 - mmcls - CRITICAL - AUROC: 0.8980131258150478
2025-02-22 00:32:53,566 - mmcls - CRITICAL - AUPR (In): 0.9322455799648981
2025-02-22 00:32:53,566 - mmcls - CRITICAL - AUPR (Out): 0.8538924607484252
2025-02-22 00:32:53,566 - mmcls - CRITICAL - FPR95: 0.4754209899642796
2025-02-22 00:32:53,566 - mmcls - CRITICAL - quick data: 0.8980131258150478,0.9322455799648981,0.8538924607484252,0.4754209899642796
2025-02-22 00:39:25,562 - mmcls - CRITICAL - ============Overall Results for ssb_hard============
2025-02-22 00:39:25,562 - mmcls - CRITICAL - AUROC: 0.8635212732426304
2025-02-22 00:39:25,562 - mmcls - CRITICAL - AUPR (In): 0.548489848480609
2025-02-22 00:39:25,562 - mmcls - CRITICAL - AUPR (Out): 0.968381943614204
2025-02-22 00:39:25,562 - mmcls - CRITICAL - FPR95: 0.5398367346938775
2025-02-22 00:39:25,562 - mmcls - CRITICAL - quick data: 0.8635212732426304,0.548489848480609,0.968381943614204,0.5398367346938775
2025-02-22 00:39:25,562 - mmcls - CRITICAL - all quick data: 0.9984913777777777,0.9983038688528401,0.9986972717411382,0.0054,0.967534453057709,0.9793681805784151,0.9493944253123369,0.1439922480620155,0.9717171319343795,0.9544852592696551,0.9834111300936244,0.155208267691726,0.8980131258150478,0.9322455799648981,0.8538924607484252,0.4754209899642796,0.8635212732426304,0.548489848480609,0.968381943614204,0.5398367346938775,0.9398554723655088,0.2639716480823797
