2025-02-21 23:33:04,572 - mmcls - CRITICAL - ============Overall Results for inaturalist============
2025-02-21 23:33:04,572 - mmcls - CRITICAL - AUROC: 0.9961043111111111
2025-02-21 23:33:04,572 - mmcls - CRITICAL - AUPR (In): 0.9956457872435704
2025-02-21 23:33:04,572 - mmcls - CRITICAL - AUPR (Out): 0.9966109975029955
2025-02-21 23:33:04,572 - mmcls - CRITICAL - FPR95: 0.0177
2025-02-21 23:33:04,572 - mmcls - CRITICAL - quick data: 0.9961043111111111,0.9956457872435704,0.9966109975029955,0.0177
2025-02-21 23:33:26,564 - mmcls - CRITICAL - ============Overall Results for textures============
2025-02-21 23:33:26,564 - mmcls - CRITICAL - AUROC: 0.9586932493540052
2025-02-21 23:33:26,564 - mmcls - CRITICAL - AUPR (In): 0.9753821268814624
2025-02-21 23:33:26,564 - mmcls - CRITICAL - AUPR (Out): 0.9232514504444618
2025-02-21 23:33:26,564 - mmcls - CRITICAL - FPR95: 0.2003875968992248
2025-02-21 23:33:26,564 - mmcls - CRITICAL - quick data: 0.9586932493540052,0.9753821268814624,0.9232514504444618,0.2003875968992248
2025-02-21 23:34:20,360 - mmcls - CRITICAL - ============Overall Results for openimage_o============
2025-02-21 23:34:20,360 - mmcls - CRITICAL - AUROC: 0.9593189902045218
2025-02-21 23:34:20,361 - mmcls - CRITICAL - AUPR (In): 0.9377976455591216
2025-02-21 23:34:20,361 - mmcls - CRITICAL - AUPR (Out): 0.9757147375591252
2025-02-21 23:34:20,361 - mmcls - CRITICAL - FPR95: 0.22610120360451194
2025-02-21 23:34:20,361 - mmcls - CRITICAL - quick data: 0.9593189902045218,0.9377976455591216,0.9757147375591252,0.22610120360451194
2025-02-21 23:34:49,010 - mmcls - CRITICAL - ============Overall Results for ninco============
2025-02-21 23:34:49,010 - mmcls - CRITICAL - AUROC: 0.8458845608663605
2025-02-21 23:34:49,010 - mmcls - CRITICAL - AUPR (In): 0.8971381346085755
2025-02-21 23:34:49,010 - mmcls - CRITICAL - AUPR (Out): 0.778364091562468
2025-02-21 23:34:49,010 - mmcls - CRITICAL - FPR95: 0.6353121279129104
2025-02-21 23:34:49,010 - mmcls - CRITICAL - quick data: 0.8458845608663605,0.8971381346085755,0.778364091562468,0.6353121279129104
2025-02-21 23:35:49,283 - mmcls - CRITICAL - ============Overall Results for ssb_hard============
2025-02-21 23:35:49,283 - mmcls - CRITICAL - AUROC: 0.7869075
2025-02-21 23:35:49,284 - mmcls - CRITICAL - AUPR (In): 0.4342215066948531
2025-02-21 23:35:49,284 - mmcls - CRITICAL - AUPR (Out): 0.9447915066068603
2025-02-21 23:35:49,284 - mmcls - CRITICAL - FPR95: 0.7588571428571429
2025-02-21 23:35:49,284 - mmcls - CRITICAL - quick data: 0.7869075,0.4342215066948531,0.9447915066068603,0.7588571428571429
2025-02-21 23:35:49,284 - mmcls - CRITICAL - all quick data: 0.9961043111111111,0.9956457872435704,0.9966109975029955,0.0177,0.9586932493540052,0.9753821268814624,0.9232514504444618,0.2003875968992248,0.9593189902045218,0.9377976455591216,0.9757147375591252,0.22610120360451194,0.8458845608663605,0.8971381346085755,0.778364091562468,0.6353121279129104,0.7869075,0.4342215066948531,0.9447915066068603,0.7588571428571429,0.9093817223071998,0.36767161425475803
