2025-02-22 00:12:45,546 - mmcls - CRITICAL - ============Overall Results for inaturalist============
2025-02-22 00:12:45,546 - mmcls - CRITICAL - AUROC: 0.996237021111111
2025-02-22 00:12:45,546 - mmcls - CRITICAL - AUPR (In): 0.9990938735109473
2025-02-22 00:12:45,547 - mmcls - CRITICAL - AUPR (Out): 0.9868590438925171
2025-02-22 00:12:45,547 - mmcls - CRITICAL - FPR95: 0.0143
2025-02-22 00:12:45,547 - mmcls - CRITICAL - quick data: 0.996237021111111,0.9990938735109473,0.9868590438925171,0.0143
2025-02-22 00:13:27,983 - mmcls - CRITICAL - ============Overall Results for textures============
2025-02-22 00:13:27,983 - mmcls - CRITICAL - AUROC: 0.8956668066322135
2025-02-22 00:13:27,983 - mmcls - CRITICAL - AUPR (In): 0.9853794360011618
2025-02-22 00:13:27,983 - mmcls - CRITICAL - AUPR (Out): 0.5769127800785584
2025-02-22 00:13:27,983 - mmcls - CRITICAL - FPR95: 0.44748062015503876
2025-02-22 00:13:27,983 - mmcls - CRITICAL - quick data: 0.8956668066322135,0.9853794360011618,0.5769127800785584,0.44748062015503876
2025-02-22 00:15:38,087 - mmcls - CRITICAL - ============Overall Results for openimage_o============
2025-02-22 00:15:38,087 - mmcls - CRITICAL - AUROC: 0.9311706198668264
2025-02-22 00:15:38,087 - mmcls - CRITICAL - AUPR (In): 0.9724682786553595
2025-02-22 00:15:38,087 - mmcls - CRITICAL - AUPR (Out): 0.8597164251355428
2025-02-22 00:15:38,087 - mmcls - CRITICAL - FPR95: 0.30959732812401536
2025-02-22 00:15:38,087 - mmcls - CRITICAL - quick data: 0.9311706198668264,0.9724682786553595,0.8597164251355428,0.30959732812401536
2025-02-22 00:16:29,782 - mmcls - CRITICAL - ============Overall Results for ninco============
2025-02-22 00:16:29,782 - mmcls - CRITICAL - AUROC: 0.8195004687116101
2025-02-22 00:16:29,782 - mmcls - CRITICAL - AUPR (In): 0.9701595882303162
2025-02-22 00:16:29,782 - mmcls - CRITICAL - AUPR (Out): 0.4675248570099319
2025-02-22 00:16:29,782 - mmcls - CRITICAL - FPR95: 0.6196632080285763
2025-02-22 00:16:29,782 - mmcls - CRITICAL - quick data: 0.8195004687116101,0.9701595882303162,0.4675248570099319,0.6196632080285763
2025-02-22 00:23:09,487 - mmcls - CRITICAL - ============Overall Results for ssb_hard============
2025-02-22 00:23:09,487 - mmcls - CRITICAL - AUROC: 0.7419003879818595
2025-02-22 00:23:09,487 - mmcls - CRITICAL - AUPR (In): 0.7232268401161641
2025-02-22 00:23:09,487 - mmcls - CRITICAL - AUPR (Out): 0.7454402948651626
2025-02-22 00:23:09,487 - mmcls - CRITICAL - FPR95: 0.7826938775510204
2025-02-22 00:23:09,487 - mmcls - CRITICAL - quick data: 0.7419003879818595,0.7232268401161641,0.7454402948651626,0.7826938775510204
2025-02-22 00:23:09,487 - mmcls - CRITICAL - all quick data: 0.996237021111111,0.9990938735109473,0.9868590438925171,0.0143,0.8956668066322135,0.9853794360011618,0.5769127800785584,0.44748062015503876,0.9311706198668264,0.9724682786553595,0.8597164251355428,0.30959732812401536,0.8195004687116101,0.9701595882303162,0.4675248570099319,0.6196632080285763,0.7419003879818595,0.7232268401161641,0.7454402948651626,0.7826938775510204,0.8768950608607242,0.4347470067717301
