2025-02-21 23:00:14,747 - mmcls - CRITICAL - ============Overall Results for inaturalist============
2025-02-21 23:00:14,747 - mmcls - CRITICAL - AUROC: 0.9957760311111111
2025-02-21 23:00:14,747 - mmcls - CRITICAL - AUPR (In): 0.9989717514648885
2025-02-21 23:00:14,747 - mmcls - CRITICAL - AUPR (Out): 0.9856462164115739
2025-02-21 23:00:14,747 - mmcls - CRITICAL - FPR95: 0.0149
2025-02-21 23:00:14,747 - mmcls - CRITICAL - quick data: 0.9957760311111111,0.9989717514648885,0.9856462164115739,0.0149
2025-02-21 23:01:05,274 - mmcls - CRITICAL - ============Overall Results for textures============
2025-02-21 23:01:05,274 - mmcls - CRITICAL - AUROC: 0.8984697071490095
2025-02-21 23:01:05,274 - mmcls - CRITICAL - AUPR (In): 0.9862264042461786
2025-02-21 23:01:05,274 - mmcls - CRITICAL - AUPR (Out): 0.5373589949949168
2025-02-21 23:01:05,274 - mmcls - CRITICAL - FPR95: 0.47151162790697676
2025-02-21 23:01:05,274 - mmcls - CRITICAL - quick data: 0.8984697071490095,0.9862264042461786,0.5373589949949168,0.47151162790697676
2025-02-21 23:02:06,966 - mmcls - CRITICAL - ============Overall Results for openimage_o============
2025-02-21 23:02:06,966 - mmcls - CRITICAL - AUROC: 0.9284276338913745
2025-02-21 23:02:06,966 - mmcls - CRITICAL - AUPR (In): 0.9712137054213338
2025-02-21 23:02:06,966 - mmcls - CRITICAL - AUPR (Out): 0.859018630859772
2025-02-21 23:02:06,966 - mmcls - CRITICAL - FPR95: 0.31022748755435126
2025-02-21 23:02:06,966 - mmcls - CRITICAL - quick data: 0.9284276338913745,0.9712137054213338,0.859018630859772,0.31022748755435126
2025-02-21 23:04:03,748 - mmcls - CRITICAL - ============Overall Results for ninco============
2025-02-21 23:04:03,749 - mmcls - CRITICAL - AUROC: 0.7763041711553363
2025-02-21 23:04:03,749 - mmcls - CRITICAL - AUPR (In): 0.9623744722820284
2025-02-21 23:04:03,749 - mmcls - CRITICAL - AUPR (Out): 0.4009701417913553
2025-02-21 23:04:03,749 - mmcls - CRITICAL - FPR95: 0.6883823779554346
2025-02-21 23:04:03,749 - mmcls - CRITICAL - quick data: 0.7763041711553363,0.9623744722820284,0.4009701417913553,0.6883823779554346
2025-02-21 23:05:46,036 - mmcls - CRITICAL - ============Overall Results for ssb_hard============
2025-02-21 23:05:46,037 - mmcls - CRITICAL - AUROC: 0.6930361376417233
2025-02-21 23:05:46,037 - mmcls - CRITICAL - AUPR (In): 0.6753011802849278
2025-02-21 23:05:46,037 - mmcls - CRITICAL - AUPR (Out): 0.6951035843028069
2025-02-21 23:05:46,037 - mmcls - CRITICAL - FPR95: 0.8544897959183674
2025-02-21 23:05:46,037 - mmcls - CRITICAL - quick data: 0.6930361376417233,0.6753011802849278,0.6951035843028069,0.8544897959183674
2025-02-21 23:05:46,037 - mmcls - CRITICAL - all quick data: 0.9957760311111111,0.9989717514648885,0.9856462164115739,0.0149,0.8984697071490095,0.9862264042461786,0.5373589949949168,0.47151162790697676,0.9284276338913745,0.9712137054213338,0.859018630859772,0.31022748755435126,0.7763041711553363,0.9623744722820284,0.4009701417913553,0.6883823779554346,0.6930361376417233,0.6753011802849278,0.6951035843028069,0.8544897959183674,0.858402736189711,0.467902257867026
