2025-02-21 23:49:09,342 - mmcls - CRITICAL - ============Overall Results for ooddb_patternnet_0============
2025-02-21 23:49:09,342 - mmcls - CRITICAL - AUROC: 0.3749263244459834
2025-02-21 23:49:09,342 - mmcls - CRITICAL - AUPR (In): 0.44853393474287756
2025-02-21 23:49:09,343 - mmcls - CRITICAL - AUPR (Out): 0.40940148663275355
2025-02-21 23:49:09,343 - mmcls - CRITICAL - FPR95: 0.9913157894736843
2025-02-21 23:49:09,343 - mmcls - CRITICAL - quick data: 0.3749263244459834,0.44853393474287756,0.40940148663275355,0.9913157894736843
2025-02-21 23:49:39,890 - mmcls - CRITICAL - ============Overall Results for svhn============
2025-02-21 23:49:39,890 - mmcls - CRITICAL - AUROC: 0.9836744022539061
2025-02-21 23:49:39,890 - mmcls - CRITICAL - AUPR (In): 0.9725274050672604
2025-02-21 23:49:39,890 - mmcls - CRITICAL - AUPR (Out): 0.9930860656675912
2025-02-21 23:49:39,890 - mmcls - CRITICAL - FPR95: 0.0691840811309158
2025-02-21 23:49:39,890 - mmcls - CRITICAL - quick data: 0.9836744022539061,0.9725274050672604,0.9930860656675912,0.0691840811309158
2025-02-21 23:49:44,035 - mmcls - CRITICAL - ============Overall Results for ooddb_dtd_0============
2025-02-21 23:49:44,035 - mmcls - CRITICAL - AUROC: 0.993756842105263
2025-02-21 23:49:44,035 - mmcls - CRITICAL - AUPR (In): 0.999162655292458
2025-02-21 23:49:44,035 - mmcls - CRITICAL - AUPR (Out): 0.9602113396884802
2025-02-21 23:49:44,035 - mmcls - CRITICAL - FPR95: 0.031
2025-02-21 23:49:44,035 - mmcls - CRITICAL - quick data: 0.993756842105263,0.999162655292458,0.9602113396884802,0.031
2025-02-21 23:49:52,397 - mmcls - CRITICAL - ============Overall Results for tin============
2025-02-21 23:49:52,397 - mmcls - CRITICAL - AUROC: 0.9827253435650111
2025-02-21 23:49:52,397 - mmcls - CRITICAL - AUPR (In): 0.9848642731892694
2025-02-21 23:49:52,397 - mmcls - CRITICAL - AUPR (Out): 0.9809577258904087
2025-02-21 23:49:52,397 - mmcls - CRITICAL - FPR95: 0.09331903156604351
2025-02-21 23:49:52,397 - mmcls - CRITICAL - quick data: 0.9827253435650111,0.9848642731892694,0.9809577258904087,0.09331903156604351
2025-02-21 23:50:53,662 - mmcls - CRITICAL - ============Overall Results for places365============
2025-02-21 23:50:53,663 - mmcls - CRITICAL - AUROC: 0.889393830247457
2025-02-21 23:50:53,663 - mmcls - CRITICAL - AUPR (In): 0.6920084788270164
2025-02-21 23:50:53,663 - mmcls - CRITICAL - AUPR (Out): 0.9691332541567056
2025-02-21 23:50:53,663 - mmcls - CRITICAL - FPR95: 0.5008142599117639
2025-02-21 23:50:53,663 - mmcls - CRITICAL - quick data: 0.889393830247457,0.6920084788270164,0.9691332541567056,0.5008142599117639
2025-02-21 23:52:13,101 - mmcls - CRITICAL - ============Overall Results for mnist============
2025-02-21 23:52:13,101 - mmcls - CRITICAL - AUROC: 0.998787144736842
2025-02-21 23:52:13,101 - mmcls - CRITICAL - AUPR (In): 0.9961988841876827
2025-02-21 23:52:13,101 - mmcls - CRITICAL - AUPR (Out): 0.9997813190715777
2025-02-21 23:52:13,101 - mmcls - CRITICAL - FPR95: 4.2857142857142856e-05
2025-02-21 23:52:13,101 - mmcls - CRITICAL - quick data: 0.998787144736842,0.9961988841876827,0.9997813190715777,4.2857142857142856e-05
2025-02-21 23:52:24,875 - mmcls - CRITICAL - ============Overall Results for cifar10============
2025-02-21 23:52:24,875 - mmcls - CRITICAL - AUROC: 0.9659078618421053
2025-02-21 23:52:24,875 - mmcls - CRITICAL - AUPR (In): 0.9559591155576208
2025-02-21 23:52:24,875 - mmcls - CRITICAL - AUPR (Out): 0.9744225242902742
2025-02-21 23:52:24,875 - mmcls - CRITICAL - FPR95: 0.1656
2025-02-21 23:52:24,875 - mmcls - CRITICAL - quick data: 0.9659078618421053,0.9559591155576208,0.9744225242902742,0.1656
2025-02-21 23:52:24,875 - mmcls - CRITICAL - all quick data: 0.3749263244459834,0.44853393474287756,0.40940148663275355,0.9913157894736843,0.9836744022539061,0.9725274050672604,0.9930860656675912,0.0691840811309158,0.993756842105263,0.999162655292458,0.9602113396884802,0.031,0.9827253435650111,0.9848642731892694,0.9809577258904087,0.09331903156604351,0.889393830247457,0.6920084788270164,0.9691332541567056,0.5008142599117639,0.998787144736842,0.9961988841876827,0.9997813190715777,4.2857142857142856e-05,0.9659078618421053,0.9559591155576208,0.9744225242902742,0.1656,0.8841673927423669,0.26446800274646637
