2025-02-21 20:56:02,513 - mmcls - CRITICAL - ============Overall Results for ooddb_patternnet_0============
2025-02-21 20:56:02,513 - mmcls - CRITICAL - AUROC: 0.4159004328254848
2025-02-21 20:56:02,513 - mmcls - CRITICAL - AUPR (In): 0.465643512038102
2025-02-21 20:56:02,513 - mmcls - CRITICAL - AUPR (Out): 0.4307676033000779
2025-02-21 20:56:02,513 - mmcls - CRITICAL - FPR95: 0.9953947368421052
2025-02-21 20:56:02,513 - mmcls - CRITICAL - quick data: 0.4159004328254848,0.465643512038102,0.4307676033000779,0.9953947368421052
2025-02-21 20:56:56,092 - mmcls - CRITICAL - ============Overall Results for svhn============
2025-02-21 20:56:56,092 - mmcls - CRITICAL - AUROC: 0.9917846658363795
2025-02-21 20:56:56,093 - mmcls - CRITICAL - AUPR (In): 0.9821897261242237
2025-02-21 20:56:56,093 - mmcls - CRITICAL - AUPR (Out): 0.9971636180833776
2025-02-21 20:56:56,093 - mmcls - CRITICAL - FPR95: 0.04467578365089121
2025-02-21 20:56:56,093 - mmcls - CRITICAL - quick data: 0.9917846658363795,0.9821897261242237,0.9971636180833776,0.04467578365089121
2025-02-21 20:57:02,074 - mmcls - CRITICAL - ============Overall Results for ooddb_dtd_0============
2025-02-21 20:57:02,075 - mmcls - CRITICAL - AUROC: 0.9949624342105264
2025-02-21 20:57:02,075 - mmcls - CRITICAL - AUPR (In): 0.9993117877866124
2025-02-21 20:57:02,075 - mmcls - CRITICAL - AUPR (Out): 0.9713398112838922
2025-02-21 20:57:02,075 - mmcls - CRITICAL - FPR95: 0.028
2025-02-21 20:57:02,075 - mmcls - CRITICAL - quick data: 0.9949624342105264,0.9993117877866124,0.9713398112838922,0.028
2025-02-21 20:57:17,946 - mmcls - CRITICAL - ============Overall Results for tin============
2025-02-21 20:57:17,946 - mmcls - CRITICAL - AUROC: 0.9911570317918609
2025-02-21 20:57:17,946 - mmcls - CRITICAL - AUPR (In): 0.992345889959503
2025-02-21 20:57:17,946 - mmcls - CRITICAL - AUPR (Out): 0.9901735769851447
2025-02-21 20:57:17,946 - mmcls - CRITICAL - FPR95: 0.061752988047808766
2025-02-21 20:57:17,946 - mmcls - CRITICAL - quick data: 0.9911570317918609,0.992345889959503,0.9901735769851447,0.061752988047808766
2025-02-21 20:59:22,137 - mmcls - CRITICAL - ============Overall Results for places365============
2025-02-21 20:59:22,137 - mmcls - CRITICAL - AUROC: 0.9329710065031707
2025-02-21 20:59:22,137 - mmcls - CRITICAL - AUPR (In): 0.8181393662919156
2025-02-21 20:59:22,137 - mmcls - CRITICAL - AUPR (Out): 0.9813758435381178
2025-02-21 20:59:22,137 - mmcls - CRITICAL - FPR95: 0.4364433127054156
2025-02-21 20:59:22,137 - mmcls - CRITICAL - quick data: 0.9329710065031707,0.8181393662919156,0.9813758435381178,0.4364433127054156
2025-02-21 21:10:22,073 - mmcls - CRITICAL - ============Overall Results for mnist============
2025-02-21 21:10:22,073 - mmcls - CRITICAL - AUROC: 0.99900082518797
2025-02-21 21:10:22,073 - mmcls - CRITICAL - AUPR (In): 0.9974886591062151
2025-02-21 21:10:22,073 - mmcls - CRITICAL - AUPR (Out): 0.999846835856533
2025-02-21 21:10:22,073 - mmcls - CRITICAL - FPR95: 0.0002
2025-02-21 21:10:22,073 - mmcls - CRITICAL - quick data: 0.99900082518797,0.9974886591062151,0.999846835856533,0.0002
2025-02-21 21:10:44,245 - mmcls - CRITICAL - ============Overall Results for cifar10============
2025-02-21 21:10:44,245 - mmcls - CRITICAL - AUROC: 0.985747907894737
2025-02-21 21:10:44,245 - mmcls - CRITICAL - AUPR (In): 0.9827952412304137
2025-02-21 21:10:44,245 - mmcls - CRITICAL - AUPR (Out): 0.9891516499624063
2025-02-21 21:10:44,245 - mmcls - CRITICAL - FPR95: 0.1068
2025-02-21 21:10:44,245 - mmcls - CRITICAL - quick data: 0.985747907894737,0.9827952412304137,0.9891516499624063,0.1068
2025-02-21 21:10:44,246 - mmcls - CRITICAL - all quick data: 0.4159004328254848,0.465643512038102,0.4307676033000779,0.9953947368421052,0.9917846658363795,0.9821897261242237,0.9971636180833776,0.04467578365089121,0.9949624342105264,0.9993117877866124,0.9713398112838922,0.028,0.9911570317918609,0.992345889959503,0.9901735769851447,0.061752988047808766,0.9329710065031707,0.8181393662919156,0.9813758435381178,0.4364433127054156,0.99900082518797,0.9974886591062151,0.999846835856533,0.0002,0.985747907894737,0.9827952412304137,0.9891516499624063,0.1068,0.9016463291785899,0.2390381173208887
