2025-02-22 01:04:03,093 - mmcls - CRITICAL - ============Overall Results for ooddb_dtd_0============
2025-02-22 01:04:03,093 - mmcls - CRITICAL - AUROC: 0.4980717391304348
2025-02-22 01:04:03,093 - mmcls - CRITICAL - AUPR (In): 0.4919035201540758
2025-02-22 01:04:03,093 - mmcls - CRITICAL - AUPR (Out): 0.5128806711657208
2025-02-22 01:04:03,093 - mmcls - CRITICAL - FPR95: 0.961
2025-02-22 01:04:03,093 - mmcls - CRITICAL - quick data: 0.4980717391304348,0.4919035201540758,0.5128806711657208,0.961
2025-02-22 01:07:35,776 - mmcls - CRITICAL - ============Overall Results for svhn============
2025-02-22 01:07:35,777 - mmcls - CRITICAL - AUROC: 0.8792272804708586
2025-02-22 01:07:35,777 - mmcls - CRITICAL - AUPR (In): 0.6946396750975673
2025-02-22 01:07:35,777 - mmcls - CRITICAL - AUPR (Out): 0.9903000636138759
2025-02-22 01:07:35,777 - mmcls - CRITICAL - FPR95: 0.819299323909035
2025-02-22 01:07:35,777 - mmcls - CRITICAL - quick data: 0.8792272804708586,0.6946396750975673,0.9903000636138759,0.819299323909035
2025-02-22 01:08:38,138 - mmcls - CRITICAL - ============Overall Results for ooddb_patternnet_0============
2025-02-22 01:08:38,138 - mmcls - CRITICAL - AUROC: 0.7886222110983983
2025-02-22 01:08:38,138 - mmcls - CRITICAL - AUPR (In): 0.5601457543132868
2025-02-22 01:08:38,138 - mmcls - CRITICAL - AUPR (Out): 0.948339385077444
2025-02-22 01:08:38,138 - mmcls - CRITICAL - FPR95: 0.8932894736842105
2025-02-22 01:08:38,138 - mmcls - CRITICAL - quick data: 0.7886222110983983,0.5601457543132868,0.948339385077444,0.8932894736842105
2025-02-22 01:09:31,556 - mmcls - CRITICAL - ============Overall Results for tin============
2025-02-22 01:09:31,556 - mmcls - CRITICAL - AUROC: 0.9080355834188331
2025-02-22 01:09:31,556 - mmcls - CRITICAL - AUPR (In): 0.7642325872389089
2025-02-22 01:09:31,556 - mmcls - CRITICAL - AUPR (Out): 0.9771463446597084
2025-02-22 01:09:31,556 - mmcls - CRITICAL - FPR95: 0.5897946674839105
2025-02-22 01:09:31,556 - mmcls - CRITICAL - quick data: 0.9080355834188331,0.7642325872389089,0.9771463446597084,0.5897946674839105
2025-02-22 01:14:07,418 - mmcls - CRITICAL - ============Overall Results for places365============
2025-02-22 01:14:07,418 - mmcls - CRITICAL - AUROC: 0.9231732577734465
2025-02-22 01:14:07,418 - mmcls - CRITICAL - AUPR (In): 0.6226795230938922
2025-02-22 01:14:07,418 - mmcls - CRITICAL - AUPR (Out): 0.9963256510031853
2025-02-22 01:14:07,418 - mmcls - CRITICAL - FPR95: 0.5108222544636248
2025-02-22 01:14:07,418 - mmcls - CRITICAL - quick data: 0.9231732577734465,0.6226795230938922,0.9963256510031853,0.5108222544636248
2025-02-22 01:23:36,994 - mmcls - CRITICAL - ============Overall Results for mnist============
2025-02-22 01:23:36,994 - mmcls - CRITICAL - AUROC: 0.7998364596273292
2025-02-22 01:23:36,994 - mmcls - CRITICAL - AUPR (In): 0.48020204147780965
2025-02-22 01:23:36,994 - mmcls - CRITICAL - AUPR (Out): 0.9924423007145267
2025-02-22 01:23:36,994 - mmcls - CRITICAL - FPR95: 0.9699428571428571
2025-02-22 01:23:36,994 - mmcls - CRITICAL - quick data: 0.7998364596273292,0.48020204147780965,0.9924423007145267,0.9699428571428571
2025-02-22 01:24:58,742 - mmcls - CRITICAL - ============Overall Results for cifar10============
2025-02-22 01:24:58,742 - mmcls - CRITICAL - AUROC: 0.9762525000000001
2025-02-22 01:24:58,742 - mmcls - CRITICAL - AUPR (In): 0.9315976142551569
2025-02-22 01:24:58,742 - mmcls - CRITICAL - AUPR (Out): 0.9954444628334288
2025-02-22 01:24:58,742 - mmcls - CRITICAL - FPR95: 0.1217
2025-02-22 01:24:58,742 - mmcls - CRITICAL - quick data: 0.9762525000000001,0.9315976142551569,0.9954444628334288,0.1217
2025-02-22 01:24:58,742 - mmcls - CRITICAL - all quick data: 0.4980717391304348,0.4919035201540758,0.5128806711657208,0.961,0.8792272804708586,0.6946396750975673,0.9903000636138759,0.819299323909035,0.7886222110983983,0.5601457543132868,0.948339385077444,0.8932894736842105,0.9080355834188331,0.7642325872389089,0.9771463446597084,0.5897946674839105,0.9231732577734465,0.6226795230938922,0.9963256510031853,0.5108222544636248,0.7998364596273292,0.48020204147780965,0.9924423007145267,0.9699428571428571,0.9762525000000001,0.9315976142551569,0.9954444628334288,0.1217,0.8247455759313287,0.6951212252405199
