2025-02-21 23:43:10,980 - mmcls - CRITICAL - ============Overall Results for ooddb_dtd_0============
2025-02-21 23:43:10,980 - mmcls - CRITICAL - AUROC: 0.43611956521739137
2025-02-21 23:43:10,980 - mmcls - CRITICAL - AUPR (In): 0.45957120723320577
2025-02-21 23:43:10,980 - mmcls - CRITICAL - AUPR (Out): 0.4802896119071638
2025-02-21 23:43:10,980 - mmcls - CRITICAL - FPR95: 0.952
2025-02-21 23:43:10,980 - mmcls - CRITICAL - quick data: 0.43611956521739137,0.45957120723320577,0.4802896119071638,0.952
2025-02-21 23:43:42,279 - mmcls - CRITICAL - ============Overall Results for svhn============
2025-02-21 23:43:42,279 - mmcls - CRITICAL - AUROC: 0.814581530925149
2025-02-21 23:43:42,279 - mmcls - CRITICAL - AUPR (In): 0.5801131333532868
2025-02-21 23:43:42,279 - mmcls - CRITICAL - AUPR (Out): 0.9842571126083033
2025-02-21 23:43:42,279 - mmcls - CRITICAL - FPR95: 0.8860248924400738
2025-02-21 23:43:42,279 - mmcls - CRITICAL - quick data: 0.814581530925149,0.5801131333532868,0.9842571126083033,0.8860248924400738
2025-02-21 23:44:35,080 - mmcls - CRITICAL - ============Overall Results for ooddb_patternnet_0============
2025-02-21 23:44:35,080 - mmcls - CRITICAL - AUROC: 0.8427444221967964
2025-02-21 23:44:35,081 - mmcls - CRITICAL - AUPR (In): 0.6630307348010607
2025-02-21 23:44:35,081 - mmcls - CRITICAL - AUPR (Out): 0.9613171915064765
2025-02-21 23:44:35,081 - mmcls - CRITICAL - FPR95: 0.7910526315789473
2025-02-21 23:44:35,081 - mmcls - CRITICAL - quick data: 0.8427444221967964,0.6630307348010607,0.9613171915064765,0.7910526315789473
2025-02-21 23:44:43,357 - mmcls - CRITICAL - ============Overall Results for tin============
2025-02-21 23:44:43,358 - mmcls - CRITICAL - AUROC: 0.8935272288771337
2025-02-21 23:44:43,358 - mmcls - CRITICAL - AUPR (In): 0.7262739748324946
2025-02-21 23:44:43,358 - mmcls - CRITICAL - AUPR (Out): 0.9721150587682444
2025-02-21 23:44:43,358 - mmcls - CRITICAL - FPR95: 0.6014403922770457
2025-02-21 23:44:43,358 - mmcls - CRITICAL - quick data: 0.8935272288771337,0.7262739748324946,0.9721150587682444,0.6014403922770457
2025-02-21 23:45:45,904 - mmcls - CRITICAL - ============Overall Results for places365============
2025-02-21 23:45:45,905 - mmcls - CRITICAL - AUROC: 0.8793406329213328
2025-02-21 23:45:45,905 - mmcls - CRITICAL - AUPR (In): 0.46795592755434984
2025-02-21 23:45:45,905 - mmcls - CRITICAL - AUPR (Out): 0.9940672643125695
2025-02-21 23:45:45,905 - mmcls - CRITICAL - FPR95: 0.650756521481657
2025-02-21 23:45:45,905 - mmcls - CRITICAL - quick data: 0.8793406329213328,0.46795592755434984,0.9940672643125695,0.650756521481657
2025-02-21 23:47:08,914 - mmcls - CRITICAL - ============Overall Results for mnist============
2025-02-21 23:47:08,914 - mmcls - CRITICAL - AUROC: 0.7670851397515528
2025-02-21 23:47:08,914 - mmcls - CRITICAL - AUPR (In): 0.5522573630657543
2025-02-21 23:47:08,914 - mmcls - CRITICAL - AUPR (Out): 0.9909001812745913
2025-02-21 23:47:08,914 - mmcls - CRITICAL - FPR95: 0.9761285714285715
2025-02-21 23:47:08,914 - mmcls - CRITICAL - quick data: 0.7670851397515528,0.5522573630657543,0.9909001812745913,0.9761285714285715
2025-02-21 23:47:20,965 - mmcls - CRITICAL - ============Overall Results for cifar10============
2025-02-21 23:47:20,965 - mmcls - CRITICAL - AUROC: 0.9103114130434783
2025-02-21 23:47:20,965 - mmcls - CRITICAL - AUPR (In): 0.7954489914262403
2025-02-21 23:47:20,965 - mmcls - CRITICAL - AUPR (Out): 0.9797272348196365
2025-02-21 23:47:20,965 - mmcls - CRITICAL - FPR95: 0.6522
2025-02-21 23:47:20,965 - mmcls - CRITICAL - quick data: 0.9103114130434783,0.7954489914262403,0.9797272348196365,0.6522
2025-02-21 23:47:20,965 - mmcls - CRITICAL - all quick data: 0.43611956521739137,0.45957120723320577,0.4802896119071638,0.952,0.814581530925149,0.5801131333532868,0.9842571126083033,0.8860248924400738,0.8427444221967964,0.6630307348010607,0.9613171915064765,0.7910526315789473,0.8935272288771337,0.7262739748324946,0.9721150587682444,0.6014403922770457,0.8793406329213328,0.46795592755434984,0.9940672643125695,0.650756521481657,0.7670851397515528,0.5522573630657543,0.9909001812745913,0.9761285714285715,0.9103114130434783,0.7954489914262403,0.9797272348196365,0.6522,0.7919585618475478,0.7870861441723279
