2025-02-22 01:28:33,588 - mmcls - CRITICAL - ============Overall Results for ooddb_patternnet_0============
2025-02-22 01:28:33,588 - mmcls - CRITICAL - AUROC: 0.4266931180747922
2025-02-22 01:28:33,588 - mmcls - CRITICAL - AUPR (In): 0.4690352596968056
2025-02-22 01:28:33,588 - mmcls - CRITICAL - AUPR (Out): 0.4345668545654886
2025-02-22 01:28:33,588 - mmcls - CRITICAL - FPR95: 0.9964473684210526
2025-02-22 01:28:33,588 - mmcls - CRITICAL - quick data: 0.4266931180747922,0.4690352596968056,0.4345668545654886,0.9964473684210526
2025-02-22 01:32:06,032 - mmcls - CRITICAL - ============Overall Results for svhn============
2025-02-22 01:32:06,033 - mmcls - CRITICAL - AUROC: 0.9943384660175332
2025-02-22 01:32:06,033 - mmcls - CRITICAL - AUPR (In): 0.9899471961585595
2025-02-22 01:32:06,033 - mmcls - CRITICAL - AUPR (Out): 0.9976892261427303
2025-02-22 01:32:06,033 - mmcls - CRITICAL - FPR95: 0.005608481868469576
2025-02-22 01:32:06,033 - mmcls - CRITICAL - quick data: 0.9943384660175332,0.9899471961585595,0.9976892261427303,0.005608481868469576
2025-02-22 01:32:16,655 - mmcls - CRITICAL - ============Overall Results for ooddb_dtd_0============
2025-02-22 01:32:16,656 - mmcls - CRITICAL - AUROC: 0.9948935526315791
2025-02-22 01:32:16,656 - mmcls - CRITICAL - AUPR (In): 0.9992666345808688
2025-02-22 01:32:16,656 - mmcls - CRITICAL - AUPR (Out): 0.9719763248810902
2025-02-22 01:32:16,656 - mmcls - CRITICAL - FPR95: 0.026
2025-02-22 01:32:16,656 - mmcls - CRITICAL - quick data: 0.9948935526315791,0.9992666345808688,0.9719763248810902,0.026
2025-02-22 01:33:10,254 - mmcls - CRITICAL - ============Overall Results for tin============
2025-02-22 01:33:10,254 - mmcls - CRITICAL - AUROC: 0.9912055926093198
2025-02-22 01:33:10,254 - mmcls - CRITICAL - AUPR (In): 0.9920067138873156
2025-02-22 01:33:10,254 - mmcls - CRITICAL - AUPR (Out): 0.9901069824413478
2025-02-22 01:33:10,254 - mmcls - CRITICAL - FPR95: 0.04872816426601287
2025-02-22 01:33:10,254 - mmcls - CRITICAL - quick data: 0.9912055926093198,0.9920067138873156,0.9901069824413478,0.04872816426601287
2025-02-22 01:37:47,047 - mmcls - CRITICAL - ============Overall Results for places365============
2025-02-22 01:37:47,048 - mmcls - CRITICAL - AUROC: 0.9316653504746084
2025-02-22 01:37:47,048 - mmcls - CRITICAL - AUPR (In): 0.7960930508855885
2025-02-22 01:37:47,048 - mmcls - CRITICAL - AUPR (Out): 0.9813281445651668
2025-02-22 01:37:47,048 - mmcls - CRITICAL - FPR95: 0.37527018624344893
2025-02-22 01:37:47,048 - mmcls - CRITICAL - quick data: 0.9316653504746084,0.7960930508855885,0.9813281445651668,0.37527018624344893
2025-02-22 01:47:19,984 - mmcls - CRITICAL - ============Overall Results for mnist============
2025-02-22 01:47:19,984 - mmcls - CRITICAL - AUROC: 0.9980285319548874
2025-02-22 01:47:19,984 - mmcls - CRITICAL - AUPR (In): 0.9940759937946182
2025-02-22 01:47:19,984 - mmcls - CRITICAL - AUPR (Out): 0.9996896152792725
2025-02-22 01:47:19,984 - mmcls - CRITICAL - FPR95: 0.00032857142857142856
2025-02-22 01:47:19,984 - mmcls - CRITICAL - quick data: 0.9980285319548874,0.9940759937946182,0.9996896152792725,0.00032857142857142856
2025-02-22 01:48:41,854 - mmcls - CRITICAL - ============Overall Results for cifar10============
2025-02-22 01:48:41,854 - mmcls - CRITICAL - AUROC: 0.9903892631578949
2025-02-22 01:48:41,854 - mmcls - CRITICAL - AUPR (In): 0.9879252145056725
2025-02-22 01:48:41,854 - mmcls - CRITICAL - AUPR (Out): 0.9928026139155982
2025-02-22 01:48:41,855 - mmcls - CRITICAL - FPR95: 0.0656
2025-02-22 01:48:41,855 - mmcls - CRITICAL - quick data: 0.9903892631578949,0.9879252145056725,0.9928026139155982,0.0656
2025-02-22 01:48:41,855 - mmcls - CRITICAL - all quick data: 0.4266931180747922,0.4690352596968056,0.4345668545654886,0.9964473684210526,0.9943384660175332,0.9899471961585595,0.9976892261427303,0.005608481868469576,0.9948935526315791,0.9992666345808688,0.9719763248810902,0.026,0.9912055926093198,0.9920067138873156,0.9901069824413478,0.04872816426601287,0.9316653504746084,0.7960930508855885,0.9813281445651668,0.37527018624344893,0.9980285319548874,0.9940759937946182,0.9996896152792725,0.00032857142857142856,0.9903892631578949,0.9879252145056725,0.9928026139155982,0.0656,0.9038876964172308,0.21685468174679368
