2025-02-21 21:14:43,581 - mmcls - CRITICAL - ============Overall Results for ooddb_dtd_0============
2025-02-21 21:14:43,582 - mmcls - CRITICAL - AUROC: 0.4405423913043478
2025-02-21 21:14:43,582 - mmcls - CRITICAL - AUPR (In): 0.44351566176271906
2025-02-21 21:14:43,582 - mmcls - CRITICAL - AUPR (Out): 0.481912495633863
2025-02-21 21:14:43,582 - mmcls - CRITICAL - FPR95: 0.952
2025-02-21 21:14:43,582 - mmcls - CRITICAL - quick data: 0.4405423913043478,0.44351566176271906,0.481912495633863,0.952
2025-02-21 21:15:37,827 - mmcls - CRITICAL - ============Overall Results for svhn============
2025-02-21 21:15:37,827 - mmcls - CRITICAL - AUROC: 0.8958917411012534
2025-02-21 21:15:37,827 - mmcls - CRITICAL - AUPR (In): 0.6599845138200592
2025-02-21 21:15:37,828 - mmcls - CRITICAL - AUPR (Out): 0.9923155506410424
2025-02-21 21:15:37,828 - mmcls - CRITICAL - FPR95: 0.5867778119237861
2025-02-21 21:15:37,828 - mmcls - CRITICAL - quick data: 0.8958917411012534,0.6599845138200592,0.9923155506410424,0.5867778119237861
2025-02-21 21:15:55,972 - mmcls - CRITICAL - ============Overall Results for ooddb_patternnet_0============
2025-02-21 21:15:55,972 - mmcls - CRITICAL - AUROC: 0.8242987700228832
2025-02-21 21:15:55,972 - mmcls - CRITICAL - AUPR (In): 0.6613212884012061
2025-02-21 21:15:55,972 - mmcls - CRITICAL - AUPR (Out): 0.9544022520416441
2025-02-21 21:15:55,972 - mmcls - CRITICAL - FPR95: 0.8642105263157894
2025-02-21 21:15:55,972 - mmcls - CRITICAL - quick data: 0.8242987700228832,0.6613212884012061,0.9544022520416441,0.8642105263157894
2025-02-21 21:16:09,780 - mmcls - CRITICAL - ============Overall Results for tin============
2025-02-21 21:16:09,780 - mmcls - CRITICAL - AUROC: 0.9089753860810936
2025-02-21 21:16:09,780 - mmcls - CRITICAL - AUPR (In): 0.7652701696234584
2025-02-21 21:16:09,780 - mmcls - CRITICAL - AUPR (Out): 0.9750310477044228
2025-02-21 21:16:09,780 - mmcls - CRITICAL - FPR95: 0.5695678823168863
2025-02-21 21:16:09,780 - mmcls - CRITICAL - quick data: 0.9089753860810936,0.7652701696234584,0.9750310477044228,0.5695678823168863
2025-02-21 21:17:21,260 - mmcls - CRITICAL - ============Overall Results for places365============
2025-02-21 21:17:21,260 - mmcls - CRITICAL - AUROC: 0.8851594694243795
2025-02-21 21:17:21,260 - mmcls - CRITICAL - AUPR (In): 0.4699932699800076
2025-02-21 21:17:21,260 - mmcls - CRITICAL - AUPR (Out): 0.9943413752745476
2025-02-21 21:17:21,260 - mmcls - CRITICAL - FPR95: 0.64231782785065
2025-02-21 21:17:21,260 - mmcls - CRITICAL - quick data: 0.8851594694243795,0.4699932699800076,0.9943413752745476,0.64231782785065
2025-02-21 21:19:49,677 - mmcls - CRITICAL - ============Overall Results for mnist============
2025-02-21 21:19:49,677 - mmcls - CRITICAL - AUROC: 0.853468804347826
2025-02-21 21:19:49,677 - mmcls - CRITICAL - AUPR (In): 0.634786919240282
2025-02-21 21:19:49,677 - mmcls - CRITICAL - AUPR (Out): 0.9937813624914469
2025-02-21 21:19:49,677 - mmcls - CRITICAL - FPR95: 0.9577714285714286
2025-02-21 21:19:49,677 - mmcls - CRITICAL - quick data: 0.853468804347826,0.634786919240282,0.9937813624914469,0.9577714285714286
2025-02-21 21:20:10,645 - mmcls - CRITICAL - ============Overall Results for cifar10============
2025-02-21 21:20:10,646 - mmcls - CRITICAL - AUROC: 0.9528557608695652
2025-02-21 21:20:10,646 - mmcls - CRITICAL - AUPR (In): 0.8872041423223481
2025-02-21 21:20:10,646 - mmcls - CRITICAL - AUPR (Out): 0.9892850185669257
2025-02-21 21:20:10,646 - mmcls - CRITICAL - FPR95: 0.3006
2025-02-21 21:20:10,646 - mmcls - CRITICAL - quick data: 0.9528557608695652,0.8872041423223481,0.9892850185669257,0.3006
2025-02-21 21:20:10,646 - mmcls - CRITICAL - all quick data: 0.4405423913043478,0.44351566176271906,0.481912495633863,0.952,0.8958917411012534,0.6599845138200592,0.9923155506410424,0.5867778119237861,0.8242987700228832,0.6613212884012061,0.9544022520416441,0.8642105263157894,0.9089753860810936,0.7652701696234584,0.9750310477044228,0.5695678823168863,0.8851594694243795,0.4699932699800076,0.9943413752745476,0.64231782785065,0.853468804347826,0.634786919240282,0.9937813624914469,0.9577714285714286,0.9528557608695652,0.8872041423223481,0.9892850185669257,0.3006,0.823027474735907,0.6961779252826485
