2025-02-28 17:39:35,272 - mmcls - CRITICAL - ============Overall Results for svhn============
2025-02-28 17:39:35,273 - mmcls - CRITICAL - AUROC: 0.7755521196134672
2025-02-28 17:39:35,273 - mmcls - CRITICAL - AUPR (In): 0.6522023294488244
2025-02-28 17:39:35,273 - mmcls - CRITICAL - AUPR (Out): 0.8859528924457467
2025-02-28 17:39:35,273 - mmcls - CRITICAL - FPR95: 0.772318684695759
2025-02-28 17:39:35,273 - mmcls - CRITICAL - quick data: 0.7755521196134672,0.6522023294488244,0.8859528924457467,0.772318684695759
2025-02-28 17:39:57,623 - mmcls - CRITICAL - ============Overall Results for texture============
2025-02-28 17:39:57,623 - mmcls - CRITICAL - AUROC: 0.8515928881008668
2025-02-28 17:39:57,623 - mmcls - CRITICAL - AUPR (In): 0.8863141831288492
2025-02-28 17:39:57,623 - mmcls - CRITICAL - AUPR (Out): 0.7976450192534352
2025-02-28 17:39:57,623 - mmcls - CRITICAL - FPR95: 0.5466312056737589
2025-02-28 17:39:57,623 - mmcls - CRITICAL - quick data: 0.8515928881008668,0.8863141831288492,0.7976450192534352,0.5466312056737589
2025-02-28 17:40:05,590 - mmcls - CRITICAL - ============Overall Results for tin============
2025-02-28 17:40:05,590 - mmcls - CRITICAL - AUROC: 0.7841473848196956
2025-02-28 17:40:05,590 - mmcls - CRITICAL - AUPR (In): 0.825979599573265
2025-02-28 17:40:05,591 - mmcls - CRITICAL - AUPR (Out): 0.7196345203472546
2025-02-28 17:40:05,591 - mmcls - CRITICAL - FPR95: 0.6982837879252222
2025-02-28 17:40:05,591 - mmcls - CRITICAL - quick data: 0.7841473848196956,0.825979599573265,0.7196345203472546,0.6982837879252222
2025-02-28 17:41:08,431 - mmcls - CRITICAL - ============Overall Results for places365============
2025-02-28 17:41:08,431 - mmcls - CRITICAL - AUROC: 0.6586612547169501
2025-02-28 17:41:08,431 - mmcls - CRITICAL - AUPR (In): 0.3453480876026228
2025-02-28 17:41:08,431 - mmcls - CRITICAL - AUPR (Out): 0.8644918761194812
2025-02-28 17:41:08,431 - mmcls - CRITICAL - FPR95: 0.8785420306161726
2025-02-28 17:41:08,431 - mmcls - CRITICAL - quick data: 0.6586612547169501,0.3453480876026228,0.8644918761194812,0.8785420306161726
2025-02-28 17:42:29,851 - mmcls - CRITICAL - ============Overall Results for mnist============
2025-02-28 17:42:29,851 - mmcls - CRITICAL - AUROC: 0.9188992873015872
2025-02-28 17:42:29,851 - mmcls - CRITICAL - AUPR (In): 0.8539561314896967
2025-02-28 17:42:29,851 - mmcls - CRITICAL - AUPR (Out): 0.9772322974037546
2025-02-28 17:42:29,851 - mmcls - CRITICAL - FPR95: 0.6935428571428571
2025-02-28 17:42:29,851 - mmcls - CRITICAL - quick data: 0.9188992873015872,0.8539561314896967,0.9772322974037546,0.6935428571428571
2025-02-28 17:42:41,932 - mmcls - CRITICAL - ============Overall Results for cifar10============
2025-02-28 17:42:41,932 - mmcls - CRITICAL - AUROC: 0.6708259333333333
2025-02-28 17:42:41,932 - mmcls - CRITICAL - AUPR (In): 0.6923243184627985
2025-02-28 17:42:41,932 - mmcls - CRITICAL - AUPR (Out): 0.6311370339643081
2025-02-28 17:42:41,932 - mmcls - CRITICAL - FPR95: 0.9201
2025-02-28 17:42:41,932 - mmcls - CRITICAL - quick data: 0.6708259333333333,0.6923243184627985,0.6311370339643081,0.9201
2025-02-28 17:42:41,933 - mmcls - CRITICAL - all quick data: 0.7755521196134672,0.6522023294488244,0.8859528924457467,0.772318684695759,0.8515928881008668,0.8863141831288492,0.7976450192534352,0.5466312056737589,0.7841473848196956,0.825979599573265,0.7196345203472546,0.6982837879252222,0.6586612547169501,0.3453480876026228,0.8644918761194812,0.8785420306161726,0.9188992873015872,0.8539561314896967,0.9772322974037546,0.6935428571428571,0.6708259333333333,0.6923243184627985,0.6311370339643081,0.9201,0.7766131446476501,0.7515697610089617
