2025-02-28 20:00:35,373 - mmcls - CRITICAL - ============Overall Results for svhn============
2025-02-28 20:00:35,373 - mmcls - CRITICAL - AUROC: 0.6282303190944479
2025-02-28 20:00:35,374 - mmcls - CRITICAL - AUPR (In): 0.49747361559838194
2025-02-28 20:00:35,374 - mmcls - CRITICAL - AUPR (Out): 0.766485236620448
2025-02-28 20:00:35,374 - mmcls - CRITICAL - FPR95: 0.984480639213276
2025-02-28 20:00:35,374 - mmcls - CRITICAL - quick data: 0.6282303190944479,0.49747361559838194,0.766485236620448,0.984480639213276
2025-02-28 20:01:19,855 - mmcls - CRITICAL - ============Overall Results for texture============
2025-02-28 20:01:19,855 - mmcls - CRITICAL - AUROC: 0.7675380910165485
2025-02-28 20:01:19,855 - mmcls - CRITICAL - AUPR (In): 0.8258750833091708
2025-02-28 20:01:19,855 - mmcls - CRITICAL - AUPR (Out): 0.6735993014619033
2025-02-28 20:01:19,855 - mmcls - CRITICAL - FPR95: 0.7414893617021276
2025-02-28 20:01:19,855 - mmcls - CRITICAL - quick data: 0.7675380910165485,0.8258750833091708,0.6735993014619033,0.7414893617021276
2025-02-28 20:02:10,763 - mmcls - CRITICAL - ============Overall Results for tin============
2025-02-28 20:02:10,763 - mmcls - CRITICAL - AUROC: 0.6687354087921816
2025-02-28 20:02:10,763 - mmcls - CRITICAL - AUPR (In): 0.7536302373549205
2025-02-28 20:02:10,763 - mmcls - CRITICAL - AUPR (Out): 0.5301888385252371
2025-02-28 20:02:10,763 - mmcls - CRITICAL - FPR95: 0.9264480539380938
2025-02-28 20:02:10,763 - mmcls - CRITICAL - quick data: 0.6687354087921816,0.7536302373549205,0.5301888385252371,0.9264480539380938
2025-02-28 20:06:33,703 - mmcls - CRITICAL - ============Overall Results for places365============
2025-02-28 20:06:33,703 - mmcls - CRITICAL - AUROC: 0.5625062196297503
2025-02-28 20:06:33,703 - mmcls - CRITICAL - AUPR (In): 0.2877020852389044
2025-02-28 20:06:33,703 - mmcls - CRITICAL - AUPR (Out): 0.7963491055465227
2025-02-28 20:06:33,703 - mmcls - CRITICAL - FPR95: 0.9720486779379978
2025-02-28 20:06:33,703 - mmcls - CRITICAL - quick data: 0.5625062196297503,0.2877020852389044,0.7963491055465227,0.9720486779379978
2025-02-28 20:15:43,987 - mmcls - CRITICAL - ============Overall Results for mnist============
2025-02-28 20:15:43,987 - mmcls - CRITICAL - AUROC: 0.7346978547619047
2025-02-28 20:15:43,987 - mmcls - CRITICAL - AUPR (In): 0.5491395150061246
2025-02-28 20:15:43,987 - mmcls - CRITICAL - AUPR (Out): 0.9237028379987172
2025-02-28 20:15:43,987 - mmcls - CRITICAL - FPR95: 0.9681428571428572
2025-02-28 20:15:43,987 - mmcls - CRITICAL - quick data: 0.7346978547619047,0.5491395150061246,0.9237028379987172,0.9681428571428572
2025-02-28 20:17:04,087 - mmcls - CRITICAL - ============Overall Results for cifar10============
2025-02-28 20:17:04,087 - mmcls - CRITICAL - AUROC: 0.7740540166666667
2025-02-28 20:17:04,088 - mmcls - CRITICAL - AUPR (In): 0.7941384833201672
2025-02-28 20:17:04,088 - mmcls - CRITICAL - AUPR (Out): 0.7364934720927062
2025-02-28 20:17:04,088 - mmcls - CRITICAL - FPR95: 0.8565
2025-02-28 20:17:04,088 - mmcls - CRITICAL - quick data: 0.7740540166666667,0.7941384833201672,0.7364934720927062,0.8565
2025-02-28 20:17:04,088 - mmcls - CRITICAL - all quick data: 0.6282303190944479,0.49747361559838194,0.766485236620448,0.984480639213276,0.7675380910165485,0.8258750833091708,0.6735993014619033,0.7414893617021276,0.6687354087921816,0.7536302373549205,0.5301888385252371,0.9264480539380938,0.5625062196297503,0.2877020852389044,0.7963491055465227,0.9720486779379978,0.7346978547619047,0.5491395150061246,0.9237028379987172,0.9681428571428572,0.7740540166666667,0.7941384833201672,0.7364934720927062,0.8565,0.68929365166025,0.9081849316557254
