2025-02-28 18:22:36,352 - mmcls - CRITICAL - ============Overall Results for svhn============
2025-02-28 18:22:36,352 - mmcls - CRITICAL - AUROC: 0.728773520197364
2025-02-28 18:22:36,352 - mmcls - CRITICAL - AUPR (In): 0.5349921048131698
2025-02-28 18:22:36,352 - mmcls - CRITICAL - AUPR (Out): 0.8693084144608122
2025-02-28 18:22:36,352 - mmcls - CRITICAL - FPR95: 0.7765058389674248
2025-02-28 18:22:36,352 - mmcls - CRITICAL - quick data: 0.728773520197364,0.5349921048131698,0.8693084144608122,0.7765058389674248
2025-02-28 18:23:01,686 - mmcls - CRITICAL - ============Overall Results for texture============
2025-02-28 18:23:01,686 - mmcls - CRITICAL - AUROC: 0.728953792356186
2025-02-28 18:23:01,686 - mmcls - CRITICAL - AUPR (In): 0.8003392206459883
2025-02-28 18:23:01,686 - mmcls - CRITICAL - AUPR (Out): 0.6185223101628434
2025-02-28 18:23:01,686 - mmcls - CRITICAL - FPR95: 0.7906028368794327
2025-02-28 18:23:01,686 - mmcls - CRITICAL - quick data: 0.728953792356186,0.8003392206459883,0.6185223101628434,0.7906028368794327
2025-02-28 18:23:15,527 - mmcls - CRITICAL - ============Overall Results for tin============
2025-02-28 18:23:15,527 - mmcls - CRITICAL - AUROC: 0.716628843599959
2025-02-28 18:23:15,527 - mmcls - CRITICAL - AUPR (In): 0.7815589672963379
2025-02-28 18:23:15,527 - mmcls - CRITICAL - AUPR (Out): 0.6119793470014416
2025-02-28 18:23:15,527 - mmcls - CRITICAL - FPR95: 0.8433956481765247
2025-02-28 18:23:15,527 - mmcls - CRITICAL - quick data: 0.716628843599959,0.7815589672963379,0.6119793470014416,0.8433956481765247
2025-02-28 18:24:26,850 - mmcls - CRITICAL - ============Overall Results for places365============
2025-02-28 18:24:26,850 - mmcls - CRITICAL - AUROC: 0.47281703826528093
2025-02-28 18:24:26,851 - mmcls - CRITICAL - AUPR (In): 0.22027242676962647
2025-02-28 18:24:26,851 - mmcls - CRITICAL - AUPR (Out): 0.7556509006853783
2025-02-28 18:24:26,851 - mmcls - CRITICAL - FPR95: 0.9770526752139282
2025-02-28 18:24:26,851 - mmcls - CRITICAL - quick data: 0.47281703826528093,0.22027242676962647,0.7556509006853783,0.9770526752139282
2025-02-28 18:26:53,828 - mmcls - CRITICAL - ============Overall Results for mnist============
2025-02-28 18:26:53,828 - mmcls - CRITICAL - AUROC: 0.7404476404761905
2025-02-28 18:26:53,828 - mmcls - CRITICAL - AUPR (In): 0.5311573288714353
2025-02-28 18:26:53,828 - mmcls - CRITICAL - AUPR (Out): 0.9251073392542393
2025-02-28 18:26:53,828 - mmcls - CRITICAL - FPR95: 0.9673428571428572
2025-02-28 18:26:53,828 - mmcls - CRITICAL - quick data: 0.7404476404761905,0.5311573288714353,0.9251073392542393,0.9673428571428572
2025-02-28 18:27:15,105 - mmcls - CRITICAL - ============Overall Results for cifar10============
2025-02-28 18:27:15,105 - mmcls - CRITICAL - AUROC: 0.6854027222222223
2025-02-28 18:27:15,105 - mmcls - CRITICAL - AUPR (In): 0.6976040468941258
2025-02-28 18:27:15,105 - mmcls - CRITICAL - AUPR (Out): 0.6450018897076552
2025-02-28 18:27:15,105 - mmcls - CRITICAL - FPR95: 0.9147
2025-02-28 18:27:15,105 - mmcls - CRITICAL - quick data: 0.6854027222222223,0.6976040468941258,0.6450018897076552,0.9147
2025-02-28 18:27:15,105 - mmcls - CRITICAL - all quick data: 0.728773520197364,0.5349921048131698,0.8693084144608122,0.7765058389674248,0.728953792356186,0.8003392206459883,0.6185223101628434,0.7906028368794327,0.716628843599959,0.7815589672963379,0.6119793470014416,0.8433956481765247,0.47281703826528093,0.22027242676962647,0.7556509006853783,0.9770526752139282,0.7404476404761905,0.5311573288714353,0.9251073392542393,0.9673428571428572,0.6854027222222223,0.6976040468941258,0.6450018897076552,0.9147,0.6788372595195338,0.878266642730028
