2025-02-28 17:34:54,548 - mmcls - CRITICAL - ============Overall Results for inaturalist============
2025-02-28 17:34:54,548 - mmcls - CRITICAL - AUROC: 0.9955251222222222
2025-02-28 17:34:54,548 - mmcls - CRITICAL - AUPR (In): 0.9950822639750635
2025-02-28 17:34:54,548 - mmcls - CRITICAL - AUPR (Out): 0.9960596249036326
2025-02-28 17:34:54,548 - mmcls - CRITICAL - FPR95: 0.0224
2025-02-28 17:34:54,548 - mmcls - CRITICAL - quick data: 0.9955251222222222,0.9950822639750635,0.9960596249036326,0.0224
2025-02-28 17:35:18,721 - mmcls - CRITICAL - ============Overall Results for textures============
2025-02-28 17:35:18,721 - mmcls - CRITICAL - AUROC: 0.9615887166236003
2025-02-28 17:35:18,721 - mmcls - CRITICAL - AUPR (In): 0.9770284388005588
2025-02-28 17:35:18,721 - mmcls - CRITICAL - AUPR (Out): 0.9299600344516844
2025-02-28 17:35:18,721 - mmcls - CRITICAL - FPR95: 0.18313953488372092
2025-02-28 17:35:18,721 - mmcls - CRITICAL - quick data: 0.9615887166236003,0.9770284388005588,0.9299600344516844,0.18313953488372092
2025-02-28 17:36:16,146 - mmcls - CRITICAL - ============Overall Results for openimage_o============
2025-02-28 17:36:16,146 - mmcls - CRITICAL - AUROC: 0.9635138144950672
2025-02-28 17:36:16,147 - mmcls - CRITICAL - AUPR (In): 0.9447230254294218
2025-02-28 17:36:16,147 - mmcls - CRITICAL - AUPR (Out): 0.9781208864686824
2025-02-28 17:36:16,147 - mmcls - CRITICAL - FPR95: 0.21091436133341734
2025-02-28 17:36:16,147 - mmcls - CRITICAL - quick data: 0.9635138144950672,0.9447230254294218,0.9781208864686824,0.21091436133341734
2025-02-28 17:36:47,210 - mmcls - CRITICAL - ============Overall Results for ninco============
2025-02-28 17:36:47,210 - mmcls - CRITICAL - AUROC: 0.8631826463306307
2025-02-28 17:36:47,210 - mmcls - CRITICAL - AUPR (In): 0.9095528462131547
2025-02-28 17:36:47,210 - mmcls - CRITICAL - AUPR (Out): 0.798928738392634
2025-02-28 17:36:47,210 - mmcls - CRITICAL - FPR95: 0.6159210750127573
2025-02-28 17:36:47,210 - mmcls - CRITICAL - quick data: 0.8631826463306307,0.9095528462131547,0.798928738392634,0.6159210750127573
2025-02-28 17:37:54,778 - mmcls - CRITICAL - ============Overall Results for ssb_hard============
2025-02-28 17:37:54,778 - mmcls - CRITICAL - AUROC: 0.8067307721088435
2025-02-28 17:37:54,778 - mmcls - CRITICAL - AUPR (In): 0.4739562496136647
2025-02-28 17:37:54,778 - mmcls - CRITICAL - AUPR (Out): 0.9504137066819511
2025-02-28 17:37:54,778 - mmcls - CRITICAL - FPR95: 0.7291224489795919
2025-02-28 17:37:54,778 - mmcls - CRITICAL - quick data: 0.8067307721088435,0.4739562496136647,0.9504137066819511,0.7291224489795919
2025-02-28 17:37:54,778 - mmcls - CRITICAL - all quick data: 0.9955251222222222,0.9950822639750635,0.9960596249036326,0.0224,0.9615887166236003,0.9770284388005588,0.9299600344516844,0.18313953488372092,0.9635138144950672,0.9447230254294218,0.9781208864686824,0.21091436133341734,0.8631826463306307,0.9095528462131547,0.798928738392634,0.6159210750127573,0.8067307721088435,0.4739562496136647,0.9504137066819511,0.7291224489795919,0.9181082143560728,0.3522994840418975
