2025-02-28 19:25:11,908 - mmcls - CRITICAL - ============Overall Results for inaturalist============
2025-02-28 19:25:11,908 - mmcls - CRITICAL - AUROC: 0.9951176644444444
2025-02-28 19:25:11,908 - mmcls - CRITICAL - AUPR (In): 0.9987797849070353
2025-02-28 19:25:11,908 - mmcls - CRITICAL - AUPR (Out): 0.9849344479136525
2025-02-28 19:25:11,908 - mmcls - CRITICAL - FPR95: 0.0189
2025-02-28 19:25:11,908 - mmcls - CRITICAL - quick data: 0.9951176644444444,0.9987797849070353,0.9849344479136525,0.0189
2025-02-28 19:25:58,761 - mmcls - CRITICAL - ============Overall Results for textures============
2025-02-28 19:25:58,761 - mmcls - CRITICAL - AUROC: 0.9058879780361756
2025-02-28 19:25:58,761 - mmcls - CRITICAL - AUPR (In): 0.9872196383882801
2025-02-28 19:25:58,761 - mmcls - CRITICAL - AUPR (Out): 0.6102505215780893
2025-02-28 19:25:58,761 - mmcls - CRITICAL - FPR95: 0.42848837209302326
2025-02-28 19:25:58,761 - mmcls - CRITICAL - quick data: 0.9058879780361756,0.9872196383882801,0.6102505215780893,0.42848837209302326
2025-02-28 19:28:09,017 - mmcls - CRITICAL - ============Overall Results for openimage_o============
2025-02-28 19:28:09,017 - mmcls - CRITICAL - AUROC: 0.9422408378319714
2025-02-28 19:28:09,017 - mmcls - CRITICAL - AUPR (In): 0.9772236934105042
2025-02-28 19:28:09,017 - mmcls - CRITICAL - AUPR (Out): 0.8798456712889205
2025-02-28 19:28:09,017 - mmcls - CRITICAL - FPR95: 0.28016888272733004
2025-02-28 19:28:09,017 - mmcls - CRITICAL - quick data: 0.9422408378319714,0.9772236934105042,0.8798456712889205,0.28016888272733004
2025-02-28 19:30:04,093 - mmcls - CRITICAL - ============Overall Results for ninco============
2025-02-28 19:30:04,093 - mmcls - CRITICAL - AUROC: 0.8148470488178261
2025-02-28 19:30:04,093 - mmcls - CRITICAL - AUPR (In): 0.9692867754478529
2025-02-28 19:30:04,093 - mmcls - CRITICAL - AUPR (Out): 0.46517140057812545
2025-02-28 19:30:04,093 - mmcls - CRITICAL - FPR95: 0.6353121279129104
2025-02-28 19:30:04,093 - mmcls - CRITICAL - quick data: 0.8148470488178261,0.9692867754478529,0.46517140057812545,0.6353121279129104
2025-02-28 19:36:40,424 - mmcls - CRITICAL - ============Overall Results for ssb_hard============
2025-02-28 19:36:40,425 - mmcls - CRITICAL - AUROC: 0.7429140646258503
2025-02-28 19:36:40,425 - mmcls - CRITICAL - AUPR (In): 0.7217688205627019
2025-02-28 19:36:40,425 - mmcls - CRITICAL - AUPR (Out): 0.7477548561251047
2025-02-28 19:36:40,425 - mmcls - CRITICAL - FPR95: 0.7881632653061225
2025-02-28 19:36:40,425 - mmcls - CRITICAL - quick data: 0.7429140646258503,0.7217688205627019,0.7477548561251047,0.7881632653061225
2025-02-28 19:36:40,425 - mmcls - CRITICAL - all quick data: 0.9951176644444444,0.9987797849070353,0.9849344479136525,0.0189,0.9058879780361756,0.9872196383882801,0.6102505215780893,0.42848837209302326,0.9422408378319714,0.9772236934105042,0.8798456712889205,0.28016888272733004,0.8148470488178261,0.9692867754478529,0.46517140057812545,0.6353121279129104,0.7429140646258503,0.7217688205627019,0.7477548561251047,0.7881632653061225,0.8802015187512535,0.43020652960787725
