2025-02-28 19:44:43,211 - mmcls - CRITICAL - ============Overall Results for inaturalist============
2025-02-28 19:44:43,212 - mmcls - CRITICAL - AUROC: 0.9976861555555557
2025-02-28 19:44:43,212 - mmcls - CRITICAL - AUPR (In): 0.9974534316966432
2025-02-28 19:44:43,212 - mmcls - CRITICAL - AUPR (Out): 0.9979631536757396
2025-02-28 19:44:43,212 - mmcls - CRITICAL - FPR95: 0.0098
2025-02-28 19:44:43,212 - mmcls - CRITICAL - quick data: 0.9976861555555557,0.9974534316966432,0.9979631536757396,0.0098
2025-02-28 19:45:23,824 - mmcls - CRITICAL - ============Overall Results for textures============
2025-02-28 19:45:23,825 - mmcls - CRITICAL - AUROC: 0.9715327519379846
2025-02-28 19:45:23,825 - mmcls - CRITICAL - AUPR (In): 0.9821510527919869
2025-02-28 19:45:23,825 - mmcls - CRITICAL - AUPR (Out): 0.9544039657892935
2025-02-28 19:45:23,825 - mmcls - CRITICAL - FPR95: 0.12558139534883722
2025-02-28 19:45:23,825 - mmcls - CRITICAL - quick data: 0.9715327519379846,0.9821510527919869,0.9544039657892935,0.12558139534883722
2025-02-28 19:47:27,571 - mmcls - CRITICAL - ============Overall Results for openimage_o============
2025-02-28 19:47:27,571 - mmcls - CRITICAL - AUROC: 0.9747889456032377
2025-02-28 19:47:27,571 - mmcls - CRITICAL - AUPR (In): 0.9602777589925696
2025-02-28 19:47:27,571 - mmcls - CRITICAL - AUPR (Out): 0.984988883283385
2025-02-28 19:47:27,571 - mmcls - CRITICAL - FPR95: 0.14210095154073982
2025-02-28 19:47:27,571 - mmcls - CRITICAL - quick data: 0.9747889456032377,0.9602777589925696,0.984988883283385,0.14210095154073982
2025-02-28 19:48:16,669 - mmcls - CRITICAL - ============Overall Results for ninco============
2025-02-28 19:48:16,669 - mmcls - CRITICAL - AUROC: 0.9007739883956076
2025-02-28 19:48:16,669 - mmcls - CRITICAL - AUPR (In): 0.9304590071719656
2025-02-28 19:48:16,669 - mmcls - CRITICAL - AUPR (Out): 0.8612585854553927
2025-02-28 19:48:16,669 - mmcls - CRITICAL - FPR95: 0.45092702840619153
2025-02-28 19:48:16,669 - mmcls - CRITICAL - quick data: 0.9007739883956076,0.9304590071719656,0.8612585854553927,0.45092702840619153
2025-02-28 19:54:39,253 - mmcls - CRITICAL - ============Overall Results for ssb_hard============
2025-02-28 19:54:39,254 - mmcls - CRITICAL - AUROC: 0.8754425430839001
2025-02-28 19:54:39,254 - mmcls - CRITICAL - AUPR (In): 0.5668479164168778
2025-02-28 19:54:39,254 - mmcls - CRITICAL - AUPR (Out): 0.9715118374812726
2025-02-28 19:54:39,254 - mmcls - CRITICAL - FPR95: 0.4974081632653061
2025-02-28 19:54:39,254 - mmcls - CRITICAL - quick data: 0.8754425430839001,0.5668479164168778,0.9715118374812726,0.4974081632653061
2025-02-28 19:54:39,254 - mmcls - CRITICAL - all quick data: 0.9976861555555557,0.9974534316966432,0.9979631536757396,0.0098,0.9715327519379846,0.9821510527919869,0.9544039657892935,0.12558139534883722,0.9747889456032377,0.9602777589925696,0.984988883283385,0.14210095154073982,0.9007739883956076,0.9304590071719656,0.8612585854553927,0.45092702840619153,0.8754425430839001,0.5668479164168778,0.9715118374812726,0.4974081632653061,0.9440448769152573,0.24516350771221496
