2025-02-28 18:08:33,747 - mmcls - CRITICAL - ============Overall Results for inaturalist============
2025-02-28 18:08:33,747 - mmcls - CRITICAL - AUROC: 0.9946078933333334
2025-02-28 18:08:33,747 - mmcls - CRITICAL - AUPR (In): 0.9986450782704488
2025-02-28 18:08:33,747 - mmcls - CRITICAL - AUPR (Out): 0.9831994987251742
2025-02-28 18:08:33,747 - mmcls - CRITICAL - FPR95: 0.0206
2025-02-28 18:08:33,747 - mmcls - CRITICAL - quick data: 0.9946078933333334,0.9986450782704488,0.9831994987251742,0.0206
2025-02-28 18:09:02,653 - mmcls - CRITICAL - ============Overall Results for textures============
2025-02-28 18:09:02,653 - mmcls - CRITICAL - AUROC: 0.9078347717484927
2025-02-28 18:09:02,653 - mmcls - CRITICAL - AUPR (In): 0.9876499543446313
2025-02-28 18:09:02,653 - mmcls - CRITICAL - AUPR (Out): 0.5888637172238035
2025-02-28 18:09:02,653 - mmcls - CRITICAL - FPR95: 0.437984496124031
2025-02-28 18:09:02,653 - mmcls - CRITICAL - quick data: 0.9078347717484927,0.9876499543446313,0.5888637172238035,0.437984496124031
2025-02-28 18:09:55,933 - mmcls - CRITICAL - ============Overall Results for openimage_o============
2025-02-28 18:09:55,934 - mmcls - CRITICAL - AUROC: 0.937085127537267
2025-02-28 18:09:55,934 - mmcls - CRITICAL - AUPR (In): 0.9748026789517626
2025-02-28 18:09:55,934 - mmcls - CRITICAL - AUPR (Out): 0.8745794390534899
2025-02-28 18:09:55,934 - mmcls - CRITICAL - FPR95: 0.28962127418236816
2025-02-28 18:09:55,934 - mmcls - CRITICAL - quick data: 0.937085127537267,0.9748026789517626,0.8745794390534899,0.28962127418236816
2025-02-28 18:10:22,617 - mmcls - CRITICAL - ============Overall Results for ninco============
2025-02-28 18:10:22,617 - mmcls - CRITICAL - AUROC: 0.766480098656234
2025-02-28 18:10:22,617 - mmcls - CRITICAL - AUPR (In): 0.9607484831386766
2025-02-28 18:10:22,617 - mmcls - CRITICAL - AUPR (Out): 0.40139805299647147
2025-02-28 18:10:22,617 - mmcls - CRITICAL - FPR95: 0.6958666439870727
2025-02-28 18:10:22,617 - mmcls - CRITICAL - quick data: 0.766480098656234,0.9607484831386766,0.40139805299647147,0.6958666439870727
2025-02-28 18:12:05,685 - mmcls - CRITICAL - ============Overall Results for ssb_hard============
2025-02-28 18:12:05,685 - mmcls - CRITICAL - AUROC: 0.6964257113378685
2025-02-28 18:12:05,685 - mmcls - CRITICAL - AUPR (In): 0.6792016263998721
2025-02-28 18:12:05,685 - mmcls - CRITICAL - AUPR (Out): 0.6992865103215693
2025-02-28 18:12:05,686 - mmcls - CRITICAL - FPR95: 0.8529795918367347
2025-02-28 18:12:05,686 - mmcls - CRITICAL - quick data: 0.6964257113378685,0.6792016263998721,0.6992865103215693,0.8529795918367347
2025-02-28 18:12:05,686 - mmcls - CRITICAL - all quick data: 0.9946078933333334,0.9986450782704488,0.9831994987251742,0.0206,0.9078347717484927,0.9876499543446313,0.5888637172238035,0.437984496124031,0.937085127537267,0.9748026789517626,0.8745794390534899,0.28962127418236816,0.766480098656234,0.9607484831386766,0.40139805299647147,0.6958666439870727,0.6964257113378685,0.6792016263998721,0.6992865103215693,0.8529795918367347,0.8604867205226391,0.4594104012260413
