2025-02-28 18:17:05,111 - mmcls - CRITICAL - ============Overall Results for inaturalist============
2025-02-28 18:17:05,112 - mmcls - CRITICAL - AUROC: 0.9975889333333334
2025-02-28 18:17:05,112 - mmcls - CRITICAL - AUPR (In): 0.9972712343915832
2025-02-28 18:17:05,112 - mmcls - CRITICAL - AUPR (Out): 0.9979021690473079
2025-02-28 18:17:05,112 - mmcls - CRITICAL - FPR95: 0.0104
2025-02-28 18:17:05,112 - mmcls - CRITICAL - quick data: 0.9975889333333334,0.9972712343915832,0.9979021690473079,0.0104
2025-02-28 18:17:26,013 - mmcls - CRITICAL - ============Overall Results for textures============
2025-02-28 18:17:26,013 - mmcls - CRITICAL - AUROC: 0.9718849913867357
2025-02-28 18:17:26,013 - mmcls - CRITICAL - AUPR (In): 0.9816375379189305
2025-02-28 18:17:26,013 - mmcls - CRITICAL - AUPR (Out): 0.9540355414256806
2025-02-28 18:17:26,013 - mmcls - CRITICAL - FPR95: 0.11298449612403101
2025-02-28 18:17:26,013 - mmcls - CRITICAL - quick data: 0.9718849913867357,0.9816375379189305,0.9540355414256806,0.11298449612403101
2025-02-28 18:18:19,653 - mmcls - CRITICAL - ============Overall Results for openimage_o============
2025-02-28 18:18:19,654 - mmcls - CRITICAL - AUROC: 0.9692992802178951
2025-02-28 18:18:19,654 - mmcls - CRITICAL - AUPR (In): 0.9518953262209956
2025-02-28 18:18:19,654 - mmcls - CRITICAL - AUPR (Out): 0.9818825142943264
2025-02-28 18:18:19,654 - mmcls - CRITICAL - FPR95: 0.171403365051358
2025-02-28 18:18:19,654 - mmcls - CRITICAL - quick data: 0.9692992802178951,0.9518953262209956,0.9818825142943264,0.171403365051358
2025-02-28 18:18:46,449 - mmcls - CRITICAL - ============Overall Results for ninco============
2025-02-28 18:18:46,450 - mmcls - CRITICAL - AUROC: 0.881174793521196
2025-02-28 18:18:46,450 - mmcls - CRITICAL - AUPR (In): 0.9196557243530171
2025-02-28 18:18:46,450 - mmcls - CRITICAL - AUPR (Out): 0.8297201298580552
2025-02-28 18:18:46,450 - mmcls - CRITICAL - FPR95: 0.5422690933832285
2025-02-28 18:18:46,450 - mmcls - CRITICAL - quick data: 0.881174793521196,0.9196557243530171,0.8297201298580552,0.5422690933832285
2025-02-28 18:20:28,625 - mmcls - CRITICAL - ============Overall Results for ssb_hard============
2025-02-28 18:20:28,625 - mmcls - CRITICAL - AUROC: 0.8404135918367348
2025-02-28 18:20:28,625 - mmcls - CRITICAL - AUPR (In): 0.5235526320953678
2025-02-28 18:20:28,625 - mmcls - CRITICAL - AUPR (Out): 0.961267368872351
2025-02-28 18:20:28,625 - mmcls - CRITICAL - FPR95: 0.6195714285714286
2025-02-28 18:20:28,625 - mmcls - CRITICAL - quick data: 0.8404135918367348,0.5235526320953678,0.961267368872351,0.6195714285714286
2025-02-28 18:20:28,625 - mmcls - CRITICAL - all quick data: 0.9975889333333334,0.9972712343915832,0.9979021690473079,0.0104,0.9718849913867357,0.9816375379189305,0.9540355414256806,0.11298449612403101,0.9692992802178951,0.9518953262209956,0.9818825142943264,0.171403365051358,0.881174793521196,0.9196557243530171,0.8297201298580552,0.5422690933832285,0.8404135918367348,0.5235526320953678,0.961267368872351,0.6195714285714286,0.932072318059179,0.2913256766260092
