2025-02-28 17:28:37,040 - mmcls - CRITICAL - ============Overall Results for inaturalist============
2025-02-28 17:28:37,040 - mmcls - CRITICAL - AUROC: 0.9912913922222222
2025-02-28 17:28:37,040 - mmcls - CRITICAL - AUPR (In): 0.997817487344916
2025-02-28 17:28:37,040 - mmcls - CRITICAL - AUPR (Out): 0.9730022539863408
2025-02-28 17:28:37,041 - mmcls - CRITICAL - FPR95: 0.0368
2025-02-28 17:28:37,041 - mmcls - CRITICAL - quick data: 0.9912913922222222,0.997817487344916,0.9730022539863408,0.0368
2025-02-28 17:28:58,412 - mmcls - CRITICAL - ============Overall Results for textures============
2025-02-28 17:28:58,412 - mmcls - CRITICAL - AUROC: 0.8912301765719208
2025-02-28 17:28:58,412 - mmcls - CRITICAL - AUPR (In): 0.9853399371688688
2025-02-28 17:28:58,412 - mmcls - CRITICAL - AUPR (Out): 0.5195892648769347
2025-02-28 17:28:58,412 - mmcls - CRITICAL - FPR95: 0.5166666666666667
2025-02-28 17:28:58,412 - mmcls - CRITICAL - quick data: 0.8912301765719208,0.9853399371688688,0.5195892648769347,0.5166666666666667
2025-02-28 17:30:00,282 - mmcls - CRITICAL - ============Overall Results for openimage_o============
2025-02-28 17:30:00,282 - mmcls - CRITICAL - AUROC: 0.9271986318538591
2025-02-28 17:30:00,282 - mmcls - CRITICAL - AUPR (In): 0.9707449015368883
2025-02-28 17:30:00,282 - mmcls - CRITICAL - AUPR (Out): 0.8562399856367243
2025-02-28 17:30:00,282 - mmcls - CRITICAL - FPR95: 0.32182242107253134
2025-02-28 17:30:00,282 - mmcls - CRITICAL - quick data: 0.9271986318538591,0.9707449015368883,0.8562399856367243,0.32182242107253134
2025-02-28 17:30:31,278 - mmcls - CRITICAL - ============Overall Results for ninco============
2025-02-28 17:30:31,278 - mmcls - CRITICAL - AUROC: 0.7483279110203928
2025-02-28 17:30:31,279 - mmcls - CRITICAL - AUPR (In): 0.9560442167020596
2025-02-28 17:30:31,279 - mmcls - CRITICAL - AUPR (Out): 0.37088304395581323
2025-02-28 17:30:31,279 - mmcls - CRITICAL - FPR95: 0.7184895390372512
2025-02-28 17:30:31,279 - mmcls - CRITICAL - quick data: 0.7483279110203928,0.9560442167020596,0.37088304395581323,0.7184895390372512
2025-02-28 17:31:38,253 - mmcls - CRITICAL - ============Overall Results for ssb_hard============
2025-02-28 17:31:38,254 - mmcls - CRITICAL - AUROC: 0.6647073587301588
2025-02-28 17:31:38,254 - mmcls - CRITICAL - AUPR (In): 0.6497978951276315
2025-02-28 17:31:38,254 - mmcls - CRITICAL - AUPR (Out): 0.670334273534586
2025-02-28 17:31:38,254 - mmcls - CRITICAL - FPR95: 0.8723265306122449
2025-02-28 17:31:38,254 - mmcls - CRITICAL - quick data: 0.6647073587301588,0.6497978951276315,0.670334273534586,0.8723265306122449
2025-02-28 17:31:38,254 - mmcls - CRITICAL - all quick data: 0.9912913922222222,0.997817487344916,0.9730022539863408,0.0368,0.8912301765719208,0.9853399371688688,0.5195892648769347,0.5166666666666667,0.9271986318538591,0.9707449015368883,0.8562399856367243,0.32182242107253134,0.7483279110203928,0.9560442167020596,0.37088304395581323,0.7184895390372512,0.6647073587301588,0.6497978951276315,0.670334273534586,0.8723265306122449,0.8445510940797107,0.4932210314777388
