2025-02-28 18:55:28,959 - mmcls - CRITICAL - ============Overall Results for ooddb_patternnet_0============
2025-02-28 18:55:28,959 - mmcls - CRITICAL - AUROC: 0.7415464421745154
2025-02-28 18:55:28,959 - mmcls - CRITICAL - AUPR (In): 0.7602572658261744
2025-02-28 18:55:28,959 - mmcls - CRITICAL - AUPR (Out): 0.6702535021299403
2025-02-28 18:55:28,960 - mmcls - CRITICAL - FPR95: 0.9421052631578948
2025-02-28 18:55:28,960 - mmcls - CRITICAL - quick data: 0.7415464421745154,0.7602572658261744,0.6702535021299403,0.9421052631578948
2025-02-28 18:58:58,875 - mmcls - CRITICAL - ============Overall Results for svhn============
2025-02-28 18:58:58,875 - mmcls - CRITICAL - AUROC: 0.9950851431840972
2025-02-28 18:58:58,875 - mmcls - CRITICAL - AUPR (In): 0.9917448929641172
2025-02-28 18:58:58,875 - mmcls - CRITICAL - AUPR (Out): 0.9978433447140842
2025-02-28 18:58:58,875 - mmcls - CRITICAL - FPR95: 0.0029963122311001842
2025-02-28 18:58:58,875 - mmcls - CRITICAL - quick data: 0.9950851431840972,0.9917448929641172,0.9978433447140842,0.0029963122311001842
2025-02-28 18:59:09,168 - mmcls - CRITICAL - ============Overall Results for ooddb_dtd_0============
2025-02-28 18:59:09,168 - mmcls - CRITICAL - AUROC: 0.9969501315789473
2025-02-28 18:59:09,168 - mmcls - CRITICAL - AUPR (In): 0.9995934175428495
2025-02-28 18:59:09,168 - mmcls - CRITICAL - AUPR (Out): 0.9800336084155122
2025-02-28 18:59:09,168 - mmcls - CRITICAL - FPR95: 0.012
2025-02-28 18:59:09,168 - mmcls - CRITICAL - quick data: 0.9969501315789473,0.9995934175428495,0.9800336084155122,0.012
2025-02-28 19:00:02,090 - mmcls - CRITICAL - ============Overall Results for tin============
2025-02-28 19:00:02,091 - mmcls - CRITICAL - AUROC: 0.993724777005339
2025-02-28 19:00:02,091 - mmcls - CRITICAL - AUPR (In): 0.9948565782545289
2025-02-28 19:00:02,091 - mmcls - CRITICAL - AUPR (Out): 0.9925425506823884
2025-02-28 19:00:02,091 - mmcls - CRITICAL - FPR95: 0.030646644192460926
2025-02-28 19:00:02,091 - mmcls - CRITICAL - quick data: 0.993724777005339,0.9948565782545289,0.9925425506823884,0.030646644192460926
2025-02-28 19:04:36,020 - mmcls - CRITICAL - ============Overall Results for places365============
2025-02-28 19:04:36,020 - mmcls - CRITICAL - AUROC: 0.9512620502674981
2025-02-28 19:04:36,020 - mmcls - CRITICAL - AUPR (In): 0.8547869140368435
2025-02-28 19:04:36,020 - mmcls - CRITICAL - AUPR (Out): 0.9866324726718619
2025-02-28 19:04:36,020 - mmcls - CRITICAL - FPR95: 0.2737985965120066
2025-02-28 19:04:36,020 - mmcls - CRITICAL - quick data: 0.9512620502674981,0.8547869140368435,0.9866324726718619,0.2737985965120066
2025-02-28 19:14:02,673 - mmcls - CRITICAL - ============Overall Results for mnist============
2025-02-28 19:14:02,673 - mmcls - CRITICAL - AUROC: 0.9977065206766916
2025-02-28 19:14:02,673 - mmcls - CRITICAL - AUPR (In): 0.9940953923688535
2025-02-28 19:14:02,673 - mmcls - CRITICAL - AUPR (Out): 0.9996150630014485
2025-02-28 19:14:02,673 - mmcls - CRITICAL - FPR95: 0.00027142857142857144
2025-02-28 19:14:02,673 - mmcls - CRITICAL - quick data: 0.9977065206766916,0.9940953923688535,0.9996150630014485,0.00027142857142857144
2025-02-28 19:15:24,081 - mmcls - CRITICAL - ============Overall Results for cifar10============
2025-02-28 19:15:24,081 - mmcls - CRITICAL - AUROC: 0.9931626842105264
2025-02-28 19:15:24,081 - mmcls - CRITICAL - AUPR (In): 0.991194626024595
2025-02-28 19:15:24,081 - mmcls - CRITICAL - AUPR (Out): 0.9949560959416495
2025-02-28 19:15:24,081 - mmcls - CRITICAL - FPR95: 0.0457
2025-02-28 19:15:24,081 - mmcls - CRITICAL - quick data: 0.9931626842105264,0.991194626024595,0.9949560959416495,0.0457
2025-02-28 19:15:24,082 - mmcls - CRITICAL - all quick data: 0.7415464421745154,0.7602572658261744,0.6702535021299403,0.9421052631578948,0.9950851431840972,0.9917448929641172,0.9978433447140842,0.0029963122311001842,0.9969501315789473,0.9995934175428495,0.9800336084155122,0.012,0.993724777005339,0.9948565782545289,0.9925425506823884,0.030646644192460926,0.9512620502674981,0.8547869140368435,0.9866324726718619,0.2737985965120066,0.9977065206766916,0.9940953923688535,0.9996150630014485,0.00027142857142857144,0.9931626842105264,0.991194626024595,0.9949560959416495,0.0457,0.9527768212996592,0.18678832066641304
