2025-02-28 17:12:23,751 - mmcls - CRITICAL - ============Overall Results for ooddb_dtd_0============
2025-02-28 17:12:23,751 - mmcls - CRITICAL - AUROC: 0.5209445652173913
2025-02-28 17:12:23,751 - mmcls - CRITICAL - AUPR (In): 0.5404988629534276
2025-02-28 17:12:23,751 - mmcls - CRITICAL - AUPR (Out): 0.528762184268298
2025-02-28 17:12:23,752 - mmcls - CRITICAL - FPR95: 0.941
2025-02-28 17:12:23,752 - mmcls - CRITICAL - quick data: 0.5209445652173913,0.5404988629534276,0.528762184268298,0.941
2025-02-28 17:13:00,838 - mmcls - CRITICAL - ============Overall Results for svhn============
2025-02-28 17:13:00,838 - mmcls - CRITICAL - AUROC: 0.8780303213770343
2025-02-28 17:13:00,838 - mmcls - CRITICAL - AUPR (In): 0.7297928956409867
2025-02-28 17:13:00,838 - mmcls - CRITICAL - AUPR (Out): 0.988689771902528
2025-02-28 17:13:00,838 - mmcls - CRITICAL - FPR95: 0.8134219422249539
2025-02-28 17:13:00,839 - mmcls - CRITICAL - quick data: 0.8780303213770343,0.7297928956409867,0.988689771902528,0.8134219422249539
2025-02-28 17:13:36,953 - mmcls - CRITICAL - ============Overall Results for ooddb_patternnet_0============
2025-02-28 17:13:36,954 - mmcls - CRITICAL - AUROC: 0.9175316075514872
2025-02-28 17:13:36,954 - mmcls - CRITICAL - AUPR (In): 0.8139997957214802
2025-02-28 17:13:36,954 - mmcls - CRITICAL - AUPR (Out): 0.9794626292753045
2025-02-28 17:13:36,954 - mmcls - CRITICAL - FPR95: 0.5532894736842106
2025-02-28 17:13:36,954 - mmcls - CRITICAL - quick data: 0.9175316075514872,0.8139997957214802,0.9794626292753045,0.5532894736842106
2025-02-28 17:13:45,761 - mmcls - CRITICAL - ============Overall Results for tin============
2025-02-28 17:13:45,761 - mmcls - CRITICAL - AUROC: 0.9000542978587323
2025-02-28 17:13:45,761 - mmcls - CRITICAL - AUPR (In): 0.7487033623606446
2025-02-28 17:13:45,761 - mmcls - CRITICAL - AUPR (Out): 0.9746557759112895
2025-02-28 17:13:45,761 - mmcls - CRITICAL - FPR95: 0.5766166104811523
2025-02-28 17:13:45,761 - mmcls - CRITICAL - quick data: 0.9000542978587323,0.7487033623606446,0.9746557759112895,0.5766166104811523
2025-02-28 17:14:57,584 - mmcls - CRITICAL - ============Overall Results for places365============
2025-02-28 17:14:57,585 - mmcls - CRITICAL - AUROC: 0.9005396966189869
2025-02-28 17:14:57,585 - mmcls - CRITICAL - AUPR (In): 0.5037315385051813
2025-02-28 17:14:57,585 - mmcls - CRITICAL - AUPR (Out): 0.9953063410929701
2025-02-28 17:14:57,585 - mmcls - CRITICAL - FPR95: 0.5582565955052853
2025-02-28 17:14:57,585 - mmcls - CRITICAL - quick data: 0.9005396966189869,0.5037315385051813,0.9953063410929701,0.5582565955052853
2025-02-28 17:16:26,403 - mmcls - CRITICAL - ============Overall Results for mnist============
2025-02-28 17:16:26,403 - mmcls - CRITICAL - AUROC: 0.8628995341614907
2025-02-28 17:16:26,403 - mmcls - CRITICAL - AUPR (In): 0.708263856622316
2025-02-28 17:16:26,403 - mmcls - CRITICAL - AUPR (Out): 0.9940691164710149
2025-02-28 17:16:26,403 - mmcls - CRITICAL - FPR95: 0.9492142857142857
2025-02-28 17:16:26,403 - mmcls - CRITICAL - quick data: 0.8628995341614907,0.708263856622316,0.9940691164710149,0.9492142857142857
2025-02-28 17:16:42,245 - mmcls - CRITICAL - ============Overall Results for cifar10============
2025-02-28 17:16:42,245 - mmcls - CRITICAL - AUROC: 0.9276097826086956
2025-02-28 17:16:42,245 - mmcls - CRITICAL - AUPR (In): 0.8369854309751834
2025-02-28 17:16:42,245 - mmcls - CRITICAL - AUPR (Out): 0.9839140299077471
2025-02-28 17:16:42,245 - mmcls - CRITICAL - FPR95: 0.5498
2025-02-28 17:16:42,245 - mmcls - CRITICAL - quick data: 0.9276097826086956,0.8369854309751834,0.9839140299077471,0.5498
2025-02-28 17:16:42,246 - mmcls - CRITICAL - all quick data: 0.5209445652173913,0.5404988629534276,0.528762184268298,0.941,0.8780303213770343,0.7297928956409867,0.988689771902528,0.8134219422249539,0.9175316075514872,0.8139997957214802,0.9794626292753045,0.5532894736842106,0.9000542978587323,0.7487033623606446,0.9746557759112895,0.5766166104811523,0.9005396966189869,0.5037315385051813,0.9953063410929701,0.5582565955052853,0.8628995341614907,0.708263856622316,0.9940691164710149,0.9492142857142857,0.9276097826086956,0.8369854309751834,0.9839140299077471,0.5498,0.8439442579134026,0.7059427010871268
