2025-02-28 17:57:00,540 - mmcls - CRITICAL - ============Overall Results for ooddb_patternnet_0============
2025-02-28 17:57:00,541 - mmcls - CRITICAL - AUROC: 0.6585359504847645
2025-02-28 17:57:00,541 - mmcls - CRITICAL - AUPR (In): 0.6920632218348697
2025-02-28 17:57:00,541 - mmcls - CRITICAL - AUPR (Out): 0.5869471523684626
2025-02-28 17:57:00,541 - mmcls - CRITICAL - FPR95: 0.9557894736842105
2025-02-28 17:57:00,541 - mmcls - CRITICAL - quick data: 0.6585359504847645,0.6920632218348697,0.5869471523684626,0.9557894736842105
2025-02-28 17:57:55,143 - mmcls - CRITICAL - ============Overall Results for svhn============
2025-02-28 17:57:55,144 - mmcls - CRITICAL - AUROC: 0.9928683396750558
2025-02-28 17:57:55,144 - mmcls - CRITICAL - AUPR (In): 0.9842737895067313
2025-02-28 17:57:55,144 - mmcls - CRITICAL - AUPR (Out): 0.9975189842058784
2025-02-28 17:57:55,144 - mmcls - CRITICAL - FPR95: 0.037415488629379226
2025-02-28 17:57:55,144 - mmcls - CRITICAL - quick data: 0.9928683396750558,0.9842737895067313,0.9975189842058784,0.037415488629379226
2025-02-28 17:57:59,366 - mmcls - CRITICAL - ============Overall Results for ooddb_dtd_0============
2025-02-28 17:57:59,366 - mmcls - CRITICAL - AUROC: 0.9963507894736843
2025-02-28 17:57:59,366 - mmcls - CRITICAL - AUPR (In): 0.9995132432627967
2025-02-28 17:57:59,366 - mmcls - CRITICAL - AUPR (Out): 0.977313532111995
2025-02-28 17:57:59,366 - mmcls - CRITICAL - FPR95: 0.021
2025-02-28 17:57:59,366 - mmcls - CRITICAL - quick data: 0.9963507894736843,0.9995132432627967,0.977313532111995,0.021
2025-02-28 17:58:13,191 - mmcls - CRITICAL - ============Overall Results for tin============
2025-02-28 17:58:13,191 - mmcls - CRITICAL - AUROC: 0.9923424923786635
2025-02-28 17:58:13,191 - mmcls - CRITICAL - AUPR (In): 0.993688362659526
2025-02-28 17:58:13,191 - mmcls - CRITICAL - AUPR (Out): 0.9911882968574515
2025-02-28 17:58:13,191 - mmcls - CRITICAL - FPR95: 0.05654305853509041
2025-02-28 17:58:13,191 - mmcls - CRITICAL - quick data: 0.9923424923786635,0.993688362659526,0.9911882968574515,0.05654305853509041
2025-02-28 17:59:24,379 - mmcls - CRITICAL - ============Overall Results for places365============
2025-02-28 17:59:24,379 - mmcls - CRITICAL - AUROC: 0.9424938735707595
2025-02-28 17:59:24,379 - mmcls - CRITICAL - AUPR (In): 0.8506635170509104
2025-02-28 17:59:24,379 - mmcls - CRITICAL - AUPR (Out): 0.9839895077270709
2025-02-28 17:59:24,379 - mmcls - CRITICAL - FPR95: 0.4071299558819175
2025-02-28 17:59:24,379 - mmcls - CRITICAL - quick data: 0.9424938735707595,0.8506635170509104,0.9839895077270709,0.4071299558819175
2025-02-28 18:01:51,298 - mmcls - CRITICAL - ============Overall Results for mnist============
2025-02-28 18:01:51,298 - mmcls - CRITICAL - AUROC: 0.9986543872180451
2025-02-28 18:01:51,298 - mmcls - CRITICAL - AUPR (In): 0.9966843349563701
2025-02-28 18:01:51,298 - mmcls - CRITICAL - AUPR (Out): 0.9997599974779938
2025-02-28 18:01:51,298 - mmcls - CRITICAL - FPR95: 0.00031428571428571427
2025-02-28 18:01:51,298 - mmcls - CRITICAL - quick data: 0.9986543872180451,0.9966843349563701,0.9997599974779938,0.00031428571428571427
2025-02-28 18:02:12,409 - mmcls - CRITICAL - ============Overall Results for cifar10============
2025-02-28 18:02:12,409 - mmcls - CRITICAL - AUROC: 0.9864712434210527
2025-02-28 18:02:12,409 - mmcls - CRITICAL - AUPR (In): 0.9833330427435427
2025-02-28 18:02:12,409 - mmcls - CRITICAL - AUPR (Out): 0.9898025778451133
2025-02-28 18:02:12,409 - mmcls - CRITICAL - FPR95: 0.1008
2025-02-28 18:02:12,409 - mmcls - CRITICAL - quick data: 0.9864712434210527,0.9833330427435427,0.9898025778451133,0.1008
2025-02-28 18:02:12,409 - mmcls - CRITICAL - all quick data: 0.6585359504847645,0.6920632218348697,0.5869471523684626,0.9557894736842105,0.9928683396750558,0.9842737895067313,0.9975189842058784,0.037415488629379226,0.9963507894736843,0.9995132432627967,0.977313532111995,0.021,0.9923424923786635,0.993688362659526,0.9911882968574515,0.05654305853509041,0.9424938735707595,0.8506635170509104,0.9839895077270709,0.4071299558819175,0.9986543872180451,0.9966843349563701,0.9997599974779938,0.00031428571428571427,0.9864712434210527,0.9833330427435427,0.9898025778451133,0.1008,0.9382452966031465,0.2255703232064119
