2025-02-28 18:30:32,184 - mmcls - CRITICAL - ============Overall Results for ooddb_dtd_0============
2025-02-28 18:30:32,184 - mmcls - CRITICAL - AUROC: 0.6368760869565218
2025-02-28 18:30:32,184 - mmcls - CRITICAL - AUPR (In): 0.6342797599043293
2025-02-28 18:30:32,184 - mmcls - CRITICAL - AUPR (Out): 0.6195156924424479
2025-02-28 18:30:32,184 - mmcls - CRITICAL - FPR95: 0.912
2025-02-28 18:30:32,184 - mmcls - CRITICAL - quick data: 0.6368760869565218,0.6342797599043293,0.6195156924424479,0.912
2025-02-28 18:34:00,241 - mmcls - CRITICAL - ============Overall Results for svhn============
2025-02-28 18:34:00,241 - mmcls - CRITICAL - AUROC: 0.9303854703909569
2025-02-28 18:34:00,241 - mmcls - CRITICAL - AUPR (In): 0.7743419073682676
2025-02-28 18:34:00,241 - mmcls - CRITICAL - AUPR (Out): 0.9948354772519292
2025-02-28 18:34:00,241 - mmcls - CRITICAL - FPR95: 0.5239320835894284
2025-02-28 18:34:00,241 - mmcls - CRITICAL - quick data: 0.9303854703909569,0.7743419073682676,0.9948354772519292,0.5239320835894284
2025-02-28 18:35:41,134 - mmcls - CRITICAL - ============Overall Results for ooddb_patternnet_0============
2025-02-28 18:35:41,134 - mmcls - CRITICAL - AUROC: 0.8341157751716248
2025-02-28 18:35:41,134 - mmcls - CRITICAL - AUPR (In): 0.6216567760261658
2025-02-28 18:35:41,134 - mmcls - CRITICAL - AUPR (Out): 0.961766316305494
2025-02-28 18:35:41,134 - mmcls - CRITICAL - FPR95: 0.7955263157894736
2025-02-28 18:35:41,135 - mmcls - CRITICAL - quick data: 0.8341157751716248,0.6216567760261658,0.961766316305494,0.7955263157894736
2025-02-28 18:36:33,527 - mmcls - CRITICAL - ============Overall Results for tin============
2025-02-28 18:36:33,527 - mmcls - CRITICAL - AUROC: 0.9225372756465774
2025-02-28 18:36:33,527 - mmcls - CRITICAL - AUPR (In): 0.7921355910482092
2025-02-28 18:36:33,527 - mmcls - CRITICAL - AUPR (Out): 0.9816131612490042
2025-02-28 18:36:33,527 - mmcls - CRITICAL - FPR95: 0.4684339564817652
2025-02-28 18:36:33,527 - mmcls - CRITICAL - quick data: 0.9225372756465774,0.7921355910482092,0.9816131612490042,0.4684339564817652
2025-02-28 18:41:06,251 - mmcls - CRITICAL - ============Overall Results for places365============
2025-02-28 18:41:06,251 - mmcls - CRITICAL - AUROC: 0.9439067611251077
2025-02-28 18:41:06,251 - mmcls - CRITICAL - AUPR (In): 0.6683042351976857
2025-02-28 18:41:06,252 - mmcls - CRITICAL - AUPR (Out): 0.9975322763319592
2025-02-28 18:41:06,252 - mmcls - CRITICAL - FPR95: 0.3267699049536612
2025-02-28 18:41:06,252 - mmcls - CRITICAL - quick data: 0.9439067611251077,0.6683042351976857,0.9975322763319592,0.3267699049536612
2025-02-28 18:50:31,999 - mmcls - CRITICAL - ============Overall Results for mnist============
2025-02-28 18:50:31,999 - mmcls - CRITICAL - AUROC: 0.8826937267080746
2025-02-28 18:50:31,999 - mmcls - CRITICAL - AUPR (In): 0.5188855426159513
2025-02-28 18:50:31,999 - mmcls - CRITICAL - AUPR (Out): 0.9965742637656658
2025-02-28 18:50:31,999 - mmcls - CRITICAL - FPR95: 0.7156428571428571
2025-02-28 18:50:31,999 - mmcls - CRITICAL - quick data: 0.8826937267080746,0.5188855426159513,0.9965742637656658,0.7156428571428571
2025-02-28 18:51:53,210 - mmcls - CRITICAL - ============Overall Results for cifar10============
2025-02-28 18:51:53,211 - mmcls - CRITICAL - AUROC: 0.9862845652173913
2025-02-28 18:51:53,211 - mmcls - CRITICAL - AUPR (In): 0.9550607144137051
2025-02-28 18:51:53,211 - mmcls - CRITICAL - AUPR (Out): 0.9973915912158827
2025-02-28 18:51:53,211 - mmcls - CRITICAL - FPR95: 0.0436
2025-02-28 18:51:53,211 - mmcls - CRITICAL - quick data: 0.9862845652173913,0.9550607144137051,0.9973915912158827,0.0436
2025-02-28 18:51:53,211 - mmcls - CRITICAL - all quick data: 0.6368760869565218,0.6342797599043293,0.6195156924424479,0.912,0.9303854703909569,0.7743419073682676,0.9948354772519292,0.5239320835894284,0.8341157751716248,0.6216567760261658,0.961766316305494,0.7955263157894736,0.9225372756465774,0.7921355910482092,0.9816131612490042,0.4684339564817652,0.9439067611251077,0.6683042351976857,0.9975322763319592,0.3267699049536612,0.8826937267080746,0.5188855426159513,0.9965742637656658,0.7156428571428571,0.9862845652173913,0.9550607144137051,0.9973915912158827,0.0436,0.8766856658880364,0.540843588279598
