2025-02-28 17:18:36,156 - mmcls - CRITICAL - ============Overall Results for ooddb_patternnet_0============
2025-02-28 17:18:36,156 - mmcls - CRITICAL - AUROC: 0.5781175900277008
2025-02-28 17:18:36,156 - mmcls - CRITICAL - AUPR (In): 0.6367254589190845
2025-02-28 17:18:36,156 - mmcls - CRITICAL - AUPR (Out): 0.5212576322340308
2025-02-28 17:18:36,156 - mmcls - CRITICAL - FPR95: 0.9559210526315789
2025-02-28 17:18:36,156 - mmcls - CRITICAL - quick data: 0.5781175900277008,0.6367254589190845,0.5212576322340308,0.9559210526315789
2025-02-28 17:19:09,871 - mmcls - CRITICAL - ============Overall Results for svhn============
2025-02-28 17:19:09,871 - mmcls - CRITICAL - AUROC: 0.9851478064446996
2025-02-28 17:19:09,871 - mmcls - CRITICAL - AUPR (In): 0.975533717027519
2025-02-28 17:19:09,871 - mmcls - CRITICAL - AUPR (Out): 0.9934274950597812
2025-02-28 17:19:09,871 - mmcls - CRITICAL - FPR95: 0.05016902274124155
2025-02-28 17:19:09,871 - mmcls - CRITICAL - quick data: 0.9851478064446996,0.975533717027519,0.9934274950597812,0.05016902274124155
2025-02-28 17:19:13,751 - mmcls - CRITICAL - ============Overall Results for ooddb_dtd_0============
2025-02-28 17:19:13,751 - mmcls - CRITICAL - AUROC: 0.9955622368421053
2025-02-28 17:19:13,751 - mmcls - CRITICAL - AUPR (In): 0.9994003355616135
2025-02-28 17:19:13,751 - mmcls - CRITICAL - AUPR (Out): 0.9704546496471118
2025-02-28 17:19:13,751 - mmcls - CRITICAL - FPR95: 0.015
2025-02-28 17:19:13,751 - mmcls - CRITICAL - quick data: 0.9955622368421053,0.9994003355616135,0.9704546496471118,0.015
2025-02-28 17:19:23,062 - mmcls - CRITICAL - ============Overall Results for tin============
2025-02-28 17:19:23,062 - mmcls - CRITICAL - AUROC: 0.984498524122135
2025-02-28 17:19:23,062 - mmcls - CRITICAL - AUPR (In): 0.986972731865208
2025-02-28 17:19:23,062 - mmcls - CRITICAL - AUPR (Out): 0.9821585503451233
2025-02-28 17:19:23,062 - mmcls - CRITICAL - FPR95: 0.08780263561140055
2025-02-28 17:19:23,062 - mmcls - CRITICAL - quick data: 0.984498524122135,0.986972731865208,0.9821585503451233,0.08780263561140055
2025-02-28 17:20:29,244 - mmcls - CRITICAL - ============Overall Results for places365============
2025-02-28 17:20:29,244 - mmcls - CRITICAL - AUROC: 0.9010755691637823
2025-02-28 17:20:29,244 - mmcls - CRITICAL - AUPR (In): 0.7303491820586334
2025-02-28 17:20:29,244 - mmcls - CRITICAL - AUPR (Out): 0.9723731280534916
2025-02-28 17:20:29,244 - mmcls - CRITICAL - FPR95: 0.4693394131406745
2025-02-28 17:20:29,244 - mmcls - CRITICAL - quick data: 0.9010755691637823,0.7303491820586334,0.9723731280534916,0.4693394131406745
2025-02-28 17:22:01,809 - mmcls - CRITICAL - ============Overall Results for mnist============
2025-02-28 17:22:01,809 - mmcls - CRITICAL - AUROC: 0.9988297744360901
2025-02-28 17:22:01,809 - mmcls - CRITICAL - AUPR (In): 0.9967637216813363
2025-02-28 17:22:01,809 - mmcls - CRITICAL - AUPR (Out): 0.9997595786218959
2025-02-28 17:22:01,809 - mmcls - CRITICAL - FPR95: 5.714285714285714e-05
2025-02-28 17:22:01,809 - mmcls - CRITICAL - quick data: 0.9988297744360901,0.9967637216813363,0.9997595786218959,5.714285714285714e-05
2025-02-28 17:22:14,183 - mmcls - CRITICAL - ============Overall Results for cifar10============
2025-02-28 17:22:14,184 - mmcls - CRITICAL - AUROC: 0.9642777697368421
2025-02-28 17:22:14,184 - mmcls - CRITICAL - AUPR (In): 0.9519356645380666
2025-02-28 17:22:14,184 - mmcls - CRITICAL - AUPR (Out): 0.973388870365347
2025-02-28 17:22:14,184 - mmcls - CRITICAL - FPR95: 0.162
2025-02-28 17:22:14,184 - mmcls - CRITICAL - quick data: 0.9642777697368421,0.9519356645380666,0.973388870365347,0.162
2025-02-28 17:22:14,184 - mmcls - CRITICAL - all quick data: 0.5781175900277008,0.6367254589190845,0.5212576322340308,0.9559210526315789,0.9851478064446996,0.975533717027519,0.9934274950597812,0.05016902274124155,0.9955622368421053,0.9994003355616135,0.9704546496471118,0.015,0.984498524122135,0.986972731865208,0.9821585503451233,0.08780263561140055,0.9010755691637823,0.7303491820586334,0.9723731280534916,0.4693394131406745,0.9988297744360901,0.9967637216813363,0.9997595786218959,5.714285714285714e-05,0.9642777697368421,0.9519356645380666,0.973388870365347,0.162,0.9153584672533364,0.24861275242600547
