2025-02-28 17:50:07,829 - mmcls - CRITICAL - ============Overall Results for ooddb_dtd_0============
2025-02-28 17:50:07,829 - mmcls - CRITICAL - AUROC: 0.5502771739130434
2025-02-28 17:50:07,829 - mmcls - CRITICAL - AUPR (In): 0.5362205216126258
2025-02-28 17:50:07,829 - mmcls - CRITICAL - AUPR (Out): 0.5526764761280776
2025-02-28 17:50:07,829 - mmcls - CRITICAL - FPR95: 0.941
2025-02-28 17:50:07,829 - mmcls - CRITICAL - quick data: 0.5502771739130434,0.5362205216126258,0.5526764761280776,0.941
2025-02-28 17:51:01,042 - mmcls - CRITICAL - ============Overall Results for svhn============
2025-02-28 17:51:01,043 - mmcls - CRITICAL - AUROC: 0.9123793917519574
2025-02-28 17:51:01,043 - mmcls - CRITICAL - AUPR (In): 0.6985797128257016
2025-02-28 17:51:01,043 - mmcls - CRITICAL - AUPR (Out): 0.993235167400935
2025-02-28 17:51:01,043 - mmcls - CRITICAL - FPR95: 0.5731023355869699
2025-02-28 17:51:01,043 - mmcls - CRITICAL - quick data: 0.9123793917519574,0.6985797128257016,0.993235167400935,0.5731023355869699
2025-02-28 17:51:18,787 - mmcls - CRITICAL - ============Overall Results for ooddb_patternnet_0============
2025-02-28 17:51:18,787 - mmcls - CRITICAL - AUROC: 0.8994933495423341
2025-02-28 17:51:18,787 - mmcls - CRITICAL - AUPR (In): 0.8165082758006109
2025-02-28 17:51:18,787 - mmcls - CRITICAL - AUPR (Out): 0.9711065908275468
2025-02-28 17:51:18,787 - mmcls - CRITICAL - FPR95: 0.7838157894736842
2025-02-28 17:51:18,787 - mmcls - CRITICAL - quick data: 0.8994933495423341,0.8165082758006109,0.9711065908275468,0.7838157894736842
2025-02-28 17:51:32,373 - mmcls - CRITICAL - ============Overall Results for tin============
2025-02-28 17:51:32,373 - mmcls - CRITICAL - AUROC: 0.9088347279777212
2025-02-28 17:51:32,373 - mmcls - CRITICAL - AUPR (In): 0.7746082271997781
2025-02-28 17:51:32,373 - mmcls - CRITICAL - AUPR (Out): 0.974940689709575
2025-02-28 17:51:32,373 - mmcls - CRITICAL - FPR95: 0.6268771069567882
2025-02-28 17:51:32,373 - mmcls - CRITICAL - quick data: 0.9088347279777212,0.7746082271997781,0.974940689709575,0.6268771069567882
2025-02-28 17:52:42,771 - mmcls - CRITICAL - ============Overall Results for places365============
2025-02-28 17:52:42,771 - mmcls - CRITICAL - AUROC: 0.8926327501129665
2025-02-28 17:52:42,771 - mmcls - CRITICAL - AUPR (In): 0.4977208311423743
2025-02-28 17:52:42,771 - mmcls - CRITICAL - AUPR (Out): 0.994721197391941
2025-02-28 17:52:42,771 - mmcls - CRITICAL - FPR95: 0.657418648032452
2025-02-28 17:52:42,771 - mmcls - CRITICAL - quick data: 0.8926327501129665,0.4977208311423743,0.994721197391941,0.657418648032452
2025-02-28 17:55:08,493 - mmcls - CRITICAL - ============Overall Results for mnist============
2025-02-28 17:55:08,493 - mmcls - CRITICAL - AUROC: 0.8714102406832297
2025-02-28 17:55:08,493 - mmcls - CRITICAL - AUPR (In): 0.6637767893924373
2025-02-28 17:55:08,493 - mmcls - CRITICAL - AUPR (Out): 0.9945160027058194
2025-02-28 17:55:08,493 - mmcls - CRITICAL - FPR95: 0.9566714285714286
2025-02-28 17:55:08,493 - mmcls - CRITICAL - quick data: 0.8714102406832297,0.6637767893924373,0.9945160027058194,0.9566714285714286
2025-02-28 17:55:29,514 - mmcls - CRITICAL - ============Overall Results for cifar10============
2025-02-28 17:55:29,514 - mmcls - CRITICAL - AUROC: 0.9552884782608697
2025-02-28 17:55:29,515 - mmcls - CRITICAL - AUPR (In): 0.9031133162680085
2025-02-28 17:55:29,515 - mmcls - CRITICAL - AUPR (Out): 0.9894050413625249
2025-02-28 17:55:29,515 - mmcls - CRITICAL - FPR95: 0.3435
2025-02-28 17:55:29,515 - mmcls - CRITICAL - quick data: 0.9552884782608697,0.9031133162680085,0.9894050413625249,0.3435
2025-02-28 17:55:29,515 - mmcls - CRITICAL - all quick data: 0.5502771739130434,0.5362205216126258,0.5526764761280776,0.941,0.9123793917519574,0.6985797128257016,0.993235167400935,0.5731023355869699,0.8994933495423341,0.8165082758006109,0.9711065908275468,0.7838157894736842,0.9088347279777212,0.7746082271997781,0.974940689709575,0.6268771069567882,0.8926327501129665,0.4977208311423743,0.994721197391941,0.657418648032452,0.8714102406832297,0.6637767893924373,0.9945160027058194,0.9566714285714286,0.9552884782608697,0.9031133162680085,0.9894050413625249,0.3435,0.8557594446060176,0.6974836155173317
